{"/Users/bblue/Dev/arkham-gamebook/src/data/abilities.json": {"path":"/Users/bblue/Dev/arkham-gamebook/src/data/abilities.json","statementMap":{},"fnMap":{},"branchMap":{},"s":{},"f":{},"b":{},"meta":{"lastBranch":0,"lastFunction":0,"lastStatement":0,"seen":{}}}
,"/Users/bblue/Dev/arkham-gamebook/src/data/characters.json": {"path":"/Users/bblue/Dev/arkham-gamebook/src/data/characters.json","statementMap":{},"fnMap":{},"branchMap":{},"s":{},"f":{},"b":{},"meta":{"lastBranch":0,"lastFunction":0,"lastStatement":0,"seen":{}}}
,"/Users/bblue/Dev/arkham-gamebook/src/data/items.json": {"path":"/Users/bblue/Dev/arkham-gamebook/src/data/items.json","statementMap":{},"fnMap":{},"branchMap":{},"s":{},"f":{},"b":{},"meta":{"lastBranch":0,"lastFunction":0,"lastStatement":0,"seen":{}}}
,"/Users/bblue/Dev/arkham-gamebook/src/data/secrets.json": {"path":"/Users/bblue/Dev/arkham-gamebook/src/data/secrets.json","statementMap":{},"fnMap":{},"branchMap":{},"s":{},"f":{},"b":{},"meta":{"lastBranch":0,"lastFunction":0,"lastStatement":0,"seen":{}}}
}
