{"/Users/bblue/Dev/arkham-gamebook/src/App.css": {"path":"/Users/bblue/Dev/arkham-gamebook/src/App.css","statementMap":{},"fnMap":{},"branchMap":{},"s":{},"f":{},"b":{},"meta":{"lastBranch":0,"lastFunction":0,"lastStatement":0,"seen":{}}}
,"/Users/bblue/Dev/arkham-gamebook/src/App.tsx": {"path":"/Users/bblue/Dev/arkham-gamebook/src/App.tsx","statementMap":{"0":{"start":{"line":14,"column":20},"end":{"line":18,"column":null}},"1":{"start":{"line":20,"column":20},"end":{"line":20,"column":null}},"2":{"start":{"line":22,"column":27},"end":{"line":31,"column":null}},"3":{"start":{"line":34,"column":34},"end":{"line":34,"column":null}},"4":{"start":{"line":35,"column":50},"end":{"line":35,"column":null}},"5":{"start":{"line":36,"column":44},"end":{"line":36,"column":null}},"6":{"start":{"line":37,"column":48},"end":{"line":37,"column":null}},"7":{"start":{"line":38,"column":40},"end":{"line":38,"column":null}},"8":{"start":{"line":39,"column":40},"end":{"line":39,"column":null}},"9":{"start":{"line":40,"column":52},"end":{"line":40,"column":null}},"10":{"start":{"line":41,"column":32},"end":{"line":121,"column":null}},"11":{"start":{"line":43,"column":18},"end":{"line":43,"column":null}},"12":{"start":{"line":44,"column":35},"end":{"line":49,"column":null}},"13":{"start":{"line":51,"column":4},"end":{"line":118,"column":null}},"14":{"start":{"line":52,"column":6},"end":{"line":117,"column":null}},"15":{"start":{"line":53,"column":23},"end":{"line":53,"column":null}},"16":{"start":{"line":56,"column":8},"end":{"line":83,"column":null}},"17":{"start":{"line":57,"column":10},"end":{"line":82,"column":null}},"18":{"start":{"line":86,"column":28},"end":{"line":105,"column":null}},"19":{"start":{"line":87,"column":27},"end":{"line":87,"column":null}},"20":{"start":{"line":88,"column":50},"end":{"line":88,"column":null}},"21":{"start":{"line":89,"column":10},"end":{"line":97,"column":null}},"22":{"start":{"line":90,"column":12},"end":{"line":96,"column":null}},"23":{"start":{"line":98,"column":10},"end":{"line":104,"column":null}},"24":{"start":{"line":107,"column":8},"end":{"line":114,"column":null}},"25":{"start":{"line":116,"column":8},"end":{"line":116,"column":null}},"26":{"start":{"line":120,"column":4},"end":{"line":120,"column":null}},"27":{"start":{"line":124,"column":2},"end":{"line":126,"column":null}},"28":{"start":{"line":125,"column":4},"end":{"line":125,"column":null}},"29":{"start":{"line":128,"column":19},"end":{"line":137,"column":null}},"30":{"start":{"line":129,"column":20},"end":{"line":129,"column":null}},"31":{"start":{"line":130,"column":4},"end":{"line":136,"column":null}},"32":{"start":{"line":130,"column":26},"end":{"line":136,"column":6}},"33":{"start":{"line":140,"column":30},"end":{"line":145,"column":null}},"34":{"start":{"line":141,"column":21},"end":{"line":141,"column":null}},"35":{"start":{"line":142,"column":4},"end":{"line":144,"column":null}},"36":{"start":{"line":147,"column":32},"end":{"line":173,"column":null}},"37":{"start":{"line":148,"column":4},"end":{"line":172,"column":null}},"38":{"start":{"line":149,"column":26},"end":{"line":149,"column":null}},"39":{"start":{"line":150,"column":28},"end":{"line":150,"column":null}},"40":{"start":{"line":152,"column":6},"end":{"line":161,"column":null}},"41":{"start":{"line":154,"column":8},"end":{"line":160,"column":null}},"42":{"start":{"line":164,"column":6},"end":{"line":171,"column":null}},"43":{"start":{"line":175,"column":26},"end":{"line":197,"column":null}},"44":{"start":{"line":176,"column":4},"end":{"line":196,"column":null}},"45":{"start":{"line":177,"column":23},"end":{"line":177,"column":null}},"46":{"start":{"line":178,"column":6},"end":{"line":178,"column":null}},"47":{"start":{"line":178,"column":21},"end":{"line":178,"column":null}},"48":{"start":{"line":180,"column":6},"end":{"line":195,"column":null}},"49":{"start":{"line":199,"column":22},"end":{"line":218,"column":null}},"50":{"start":{"line":200,"column":4},"end":{"line":217,"column":null}},"51":{"start":{"line":201,"column":23},"end":{"line":201,"column":null}},"52":{"start":{"line":202,"column":6},"end":{"line":202,"column":null}},"53":{"start":{"line":202,"column":21},"end":{"line":202,"column":null}},"54":{"start":{"line":204,"column":6},"end":{"line":216,"column":null}},"55":{"start":{"line":220,"column":26},"end":{"line":239,"column":null}},"56":{"start":{"line":221,"column":4},"end":{"line":238,"column":null}},"57":{"start":{"line":222,"column":23},"end":{"line":222,"column":null}},"58":{"start":{"line":223,"column":6},"end":{"line":223,"column":null}},"59":{"start":{"line":223,"column":21},"end":{"line":223,"column":null}},"60":{"start":{"line":225,"column":6},"end":{"line":237,"column":null}},"61":{"start":{"line":241,"column":27},"end":{"line":260,"column":null}},"62":{"start":{"line":242,"column":4},"end":{"line":259,"column":null}},"63":{"start":{"line":243,"column":23},"end":{"line":243,"column":null}},"64":{"start":{"line":244,"column":6},"end":{"line":244,"column":null}},"65":{"start":{"line":244,"column":21},"end":{"line":244,"column":null}},"66":{"start":{"line":246,"column":6},"end":{"line":258,"column":null}},"67":{"start":{"line":262,"column":24},"end":{"line":281,"column":null}},"68":{"start":{"line":263,"column":4},"end":{"line":280,"column":null}},"69":{"start":{"line":264,"column":23},"end":{"line":264,"column":null}},"70":{"start":{"line":265,"column":6},"end":{"line":265,"column":null}},"71":{"start":{"line":265,"column":21},"end":{"line":265,"column":null}},"72":{"start":{"line":267,"column":6},"end":{"line":279,"column":null}},"73":{"start":{"line":283,"column":26},"end":{"line":289,"column":null}},"74":{"start":{"line":284,"column":21},"end":{"line":284,"column":null}},"75":{"start":{"line":285,"column":4},"end":{"line":285,"column":null}},"76":{"start":{"line":285,"column":19},"end":{"line":285,"column":null}},"77":{"start":{"line":287,"column":4},"end":{"line":287,"column":null}},"78":{"start":{"line":288,"column":4},"end":{"line":288,"column":null}},"79":{"start":{"line":291,"column":27},"end":{"line":326,"column":null}},"80":{"start":{"line":292,"column":21},"end":{"line":292,"column":null}},"81":{"start":{"line":293,"column":4},"end":{"line":293,"column":null}},"82":{"start":{"line":293,"column":19},"end":{"line":293,"column":null}},"83":{"start":{"line":295,"column":4},"end":{"line":322,"column":null}},"84":{"start":{"line":296,"column":24},"end":{"line":296,"column":null}},"85":{"start":{"line":297,"column":28},"end":{"line":297,"column":null}},"86":{"start":{"line":298,"column":6},"end":{"line":298,"column":null}},"87":{"start":{"line":301,"column":34},"end":{"line":301,"column":null}},"88":{"start":{"line":302,"column":30},"end":{"line":302,"column":null}},"89":{"start":{"line":305,"column":27},"end":{"line":310,"column":null}},"90":{"start":{"line":312,"column":6},"end":{"line":321,"column":null}},"91":{"start":{"line":324,"column":4},"end":{"line":324,"column":null}},"92":{"start":{"line":325,"column":4},"end":{"line":325,"column":null}},"93":{"start":{"line":328,"column":26},"end":{"line":330,"column":null}},"94":{"start":{"line":329,"column":4},"end":{"line":329,"column":null}},"95":{"start":{"line":332,"column":28},"end":{"line":340,"column":null}},"96":{"start":{"line":333,"column":4},"end":{"line":339,"column":null}},"97":{"start":{"line":333,"column":26},"end":{"line":339,"column":6}},"98":{"start":{"line":342,"column":28},"end":{"line":345,"column":null}},"99":{"start":{"line":343,"column":4},"end":{"line":343,"column":null}},"100":{"start":{"line":344,"column":4},"end":{"line":344,"column":null}},"101":{"start":{"line":347,"column":23},"end":{"line":359,"column":null}},"102":{"start":{"line":348,"column":18},"end":{"line":348,"column":null}},"103":{"start":{"line":349,"column":4},"end":{"line":357,"column":null}},"104":{"start":{"line":350,"column":6},"end":{"line":356,"column":null}},"105":{"start":{"line":350,"column":28},"end":{"line":356,"column":8}},"106":{"start":{"line":358,"column":4},"end":{"line":358,"column":null}},"107":{"start":{"line":361,"column":25},"end":{"line":363,"column":null}},"108":{"start":{"line":362,"column":4},"end":{"line":362,"column":null}},"109":{"start":{"line":365,"column":2},"end":{"line":564,"column":null}},"110":{"start":{"line":417,"column":35},"end":{"line":417,"column":null}},"111":{"start":{"line":428,"column":61},"end":{"line":428,"column":null}},"112":{"start":{"line":429,"column":64},"end":{"line":429,"column":null}},"113":{"start":{"line":430,"column":59},"end":{"line":430,"column":86}},"114":{"start":{"line":441,"column":18},"end":{"line":441,"column":null}},"115":{"start":{"line":452,"column":70},"end":{"line":452,"column":97}},"116":{"start":{"line":468,"column":31},"end":{"line":468,"column":null}},"117":{"start":{"line":494,"column":18},"end":{"line":500,"column":null}},"118":{"start":{"line":497,"column":35},"end":{"line":497,"column":null}},"119":{"start":{"line":513,"column":54},"end":{"line":513,"column":null}},"120":{"start":{"line":514,"column":75},"end":{"line":514,"column":null}},"121":{"start":{"line":515,"column":59},"end":{"line":515,"column":90}},"122":{"start":{"line":523,"column":18},"end":{"line":553,"column":null}},"123":{"start":{"line":546,"column":28},"end":{"line":546,"column":null}},"124":{"start":{"line":558,"column":71},"end":{"line":558,"column":102}}},"fnMap":{"0":{"name":"App","decl":{"start":{"line":33,"column":9},"end":{"line":33,"column":15}},"loc":{"start":{"line":33,"column":15},"end":{"line":566,"column":null}},"line":33},"1":{"name":"(anonymous_1)","decl":{"start":{"line":41,"column":55},"end":{"line":41,"column":61}},"loc":{"start":{"line":41,"column":61},"end":{"line":121,"column":3}},"line":41},"2":{"name":"(anonymous_2)","decl":{"start":{"line":86,"column":28},"end":{"line":86,"column":29}},"loc":{"start":{"line":86,"column":46},"end":{"line":105,"column":null}},"line":86},"3":{"name":"(anonymous_3)","decl":{"start":{"line":124,"column":12},"end":{"line":124,"column":18}},"loc":{"start":{"line":124,"column":18},"end":{"line":126,"column":5}},"line":124},"4":{"name":"(anonymous_4)","decl":{"start":{"line":128,"column":19},"end":{"line":128,"column":25}},"loc":{"start":{"line":128,"column":25},"end":{"line":137,"column":null}},"line":128},"5":{"name":"(anonymous_5)","decl":{"start":{"line":130,"column":17},"end":{"line":130,"column":26}},"loc":{"start":{"line":130,"column":26},"end":{"line":136,"column":6}},"line":130},"6":{"name":"(anonymous_6)","decl":{"start":{"line":140,"column":30},"end":{"line":140,"column":36}},"loc":{"start":{"line":140,"column":36},"end":{"line":145,"column":null}},"line":140},"7":{"name":"(anonymous_7)","decl":{"start":{"line":147,"column":32},"end":{"line":147,"column":33}},"loc":{"start":{"line":147,"column":88},"end":{"line":173,"column":null}},"line":147},"8":{"name":"(anonymous_8)","decl":{"start":{"line":148,"column":17},"end":{"line":148,"column":25}},"loc":{"start":{"line":148,"column":25},"end":{"line":172,"column":5}},"line":148},"9":{"name":"(anonymous_9)","decl":{"start":{"line":175,"column":26},"end":{"line":175,"column":27}},"loc":{"start":{"line":175,"column":88},"end":{"line":197,"column":null}},"line":175},"10":{"name":"(anonymous_10)","decl":{"start":{"line":176,"column":17},"end":{"line":176,"column":25}},"loc":{"start":{"line":176,"column":25},"end":{"line":196,"column":5}},"line":176},"11":{"name":"(anonymous_11)","decl":{"start":{"line":199,"column":22},"end":{"line":199,"column":23}},"loc":{"start":{"line":199,"column":43},"end":{"line":218,"column":null}},"line":199},"12":{"name":"(anonymous_12)","decl":{"start":{"line":200,"column":17},"end":{"line":200,"column":25}},"loc":{"start":{"line":200,"column":25},"end":{"line":217,"column":5}},"line":200},"13":{"name":"(anonymous_13)","decl":{"start":{"line":220,"column":26},"end":{"line":220,"column":27}},"loc":{"start":{"line":220,"column":51},"end":{"line":239,"column":null}},"line":220},"14":{"name":"(anonymous_14)","decl":{"start":{"line":221,"column":17},"end":{"line":221,"column":25}},"loc":{"start":{"line":221,"column":25},"end":{"line":238,"column":5}},"line":221},"15":{"name":"(anonymous_15)","decl":{"start":{"line":241,"column":27},"end":{"line":241,"column":28}},"loc":{"start":{"line":241,"column":53},"end":{"line":260,"column":null}},"line":241},"16":{"name":"(anonymous_16)","decl":{"start":{"line":242,"column":17},"end":{"line":242,"column":25}},"loc":{"start":{"line":242,"column":25},"end":{"line":259,"column":5}},"line":242},"17":{"name":"(anonymous_17)","decl":{"start":{"line":262,"column":24},"end":{"line":262,"column":25}},"loc":{"start":{"line":262,"column":47},"end":{"line":281,"column":null}},"line":262},"18":{"name":"(anonymous_18)","decl":{"start":{"line":263,"column":17},"end":{"line":263,"column":25}},"loc":{"start":{"line":263,"column":25},"end":{"line":280,"column":5}},"line":263},"19":{"name":"(anonymous_19)","decl":{"start":{"line":283,"column":26},"end":{"line":283,"column":32}},"loc":{"start":{"line":283,"column":32},"end":{"line":289,"column":null}},"line":283},"20":{"name":"(anonymous_20)","decl":{"start":{"line":291,"column":27},"end":{"line":291,"column":33}},"loc":{"start":{"line":291,"column":33},"end":{"line":326,"column":null}},"line":291},"21":{"name":"(anonymous_21)","decl":{"start":{"line":295,"column":17},"end":{"line":295,"column":25}},"loc":{"start":{"line":295,"column":25},"end":{"line":322,"column":5}},"line":295},"22":{"name":"(anonymous_22)","decl":{"start":{"line":328,"column":26},"end":{"line":328,"column":32}},"loc":{"start":{"line":328,"column":32},"end":{"line":330,"column":null}},"line":328},"23":{"name":"(anonymous_23)","decl":{"start":{"line":332,"column":28},"end":{"line":332,"column":34}},"loc":{"start":{"line":332,"column":34},"end":{"line":340,"column":null}},"line":332},"24":{"name":"(anonymous_24)","decl":{"start":{"line":333,"column":17},"end":{"line":333,"column":26}},"loc":{"start":{"line":333,"column":26},"end":{"line":339,"column":6}},"line":333},"25":{"name":"(anonymous_25)","decl":{"start":{"line":342,"column":28},"end":{"line":342,"column":34}},"loc":{"start":{"line":342,"column":34},"end":{"line":345,"column":null}},"line":342},"26":{"name":"(anonymous_26)","decl":{"start":{"line":347,"column":23},"end":{"line":347,"column":29}},"loc":{"start":{"line":347,"column":29},"end":{"line":359,"column":null}},"line":347},"27":{"name":"(anonymous_27)","decl":{"start":{"line":350,"column":19},"end":{"line":350,"column":28}},"loc":{"start":{"line":350,"column":28},"end":{"line":356,"column":8}},"line":350},"28":{"name":"(anonymous_28)","decl":{"start":{"line":361,"column":25},"end":{"line":361,"column":31}},"loc":{"start":{"line":361,"column":31},"end":{"line":363,"column":null}},"line":361},"29":{"name":"(anonymous_29)","decl":{"start":{"line":417,"column":29},"end":{"line":417,"column":35}},"loc":{"start":{"line":417,"column":35},"end":{"line":417,"column":null}},"line":417},"30":{"name":"(anonymous_30)","decl":{"start":{"line":428,"column":55},"end":{"line":428,"column":61}},"loc":{"start":{"line":428,"column":61},"end":{"line":428,"column":null}},"line":428},"31":{"name":"(anonymous_31)","decl":{"start":{"line":429,"column":57},"end":{"line":429,"column":58}},"loc":{"start":{"line":429,"column":64},"end":{"line":429,"column":null}},"line":429},"32":{"name":"(anonymous_32)","decl":{"start":{"line":430,"column":53},"end":{"line":430,"column":59}},"loc":{"start":{"line":430,"column":59},"end":{"line":430,"column":86}},"line":430},"33":{"name":"(anonymous_33)","decl":{"start":{"line":440,"column":56},"end":{"line":440,"column":57}},"loc":{"start":{"line":441,"column":18},"end":{"line":441,"column":null}},"line":441},"34":{"name":"(anonymous_34)","decl":{"start":{"line":452,"column":64},"end":{"line":452,"column":70}},"loc":{"start":{"line":452,"column":70},"end":{"line":452,"column":97}},"line":452},"35":{"name":"(anonymous_35)","decl":{"start":{"line":468,"column":24},"end":{"line":468,"column":25}},"loc":{"start":{"line":468,"column":31},"end":{"line":468,"column":null}},"line":468},"36":{"name":"(anonymous_36)","decl":{"start":{"line":493,"column":37},"end":{"line":493,"column":null}},"loc":{"start":{"line":494,"column":18},"end":{"line":500,"column":null}},"line":494},"37":{"name":"(anonymous_37)","decl":{"start":{"line":497,"column":29},"end":{"line":497,"column":35}},"loc":{"start":{"line":497,"column":35},"end":{"line":497,"column":null}},"line":497},"38":{"name":"(anonymous_38)","decl":{"start":{"line":513,"column":48},"end":{"line":513,"column":54}},"loc":{"start":{"line":513,"column":54},"end":{"line":513,"column":null}},"line":513},"39":{"name":"(anonymous_39)","decl":{"start":{"line":514,"column":68},"end":{"line":514,"column":69}},"loc":{"start":{"line":514,"column":75},"end":{"line":514,"column":null}},"line":514},"40":{"name":"(anonymous_40)","decl":{"start":{"line":515,"column":53},"end":{"line":515,"column":59}},"loc":{"start":{"line":515,"column":59},"end":{"line":515,"column":90}},"line":515},"41":{"name":"(anonymous_41)","decl":{"start":{"line":522,"column":57},"end":{"line":522,"column":58}},"loc":{"start":{"line":523,"column":18},"end":{"line":553,"column":null}},"line":523},"42":{"name":"(anonymous_42)","decl":{"start":{"line":545,"column":43},"end":{"line":545,"column":44}},"loc":{"start":{"line":546,"column":28},"end":{"line":546,"column":null}},"line":546},"43":{"name":"(anonymous_43)","decl":{"start":{"line":558,"column":65},"end":{"line":558,"column":71}},"loc":{"start":{"line":558,"column":71},"end":{"line":558,"column":102}},"line":558}},"branchMap":{"0":{"loc":{"start":{"line":51,"column":4},"end":{"line":118,"column":null}},"type":"if","locations":[{"start":{"line":51,"column":4},"end":{"line":118,"column":null}},{"start":{},"end":{}}],"line":51},"1":{"loc":{"start":{"line":56,"column":8},"end":{"line":83,"column":null}},"type":"if","locations":[{"start":{"line":56,"column":8},"end":{"line":83,"column":null}},{"start":{},"end":{}}],"line":56},"2":{"loc":{"start":{"line":59,"column":36},"end":{"line":59,"column":null}},"type":"binary-expr","locations":[{"start":{"line":59,"column":36},"end":{"line":59,"column":73}},{"start":{"line":59,"column":73},"end":{"line":59,"column":null}}],"line":59},"3":{"loc":{"start":{"line":60,"column":26},"end":{"line":60,"column":null}},"type":"binary-expr","locations":[{"start":{"line":60,"column":26},"end":{"line":60,"column":53}},{"start":{"line":60,"column":53},"end":{"line":60,"column":null}}],"line":60},"4":{"loc":{"start":{"line":61,"column":28},"end":{"line":61,"column":null}},"type":"binary-expr","locations":[{"start":{"line":61,"column":28},"end":{"line":61,"column":57}},{"start":{"line":61,"column":57},"end":{"line":61,"column":null}}],"line":61},"5":{"loc":{"start":{"line":62,"column":24},"end":{"line":62,"column":null}},"type":"binary-expr","locations":[{"start":{"line":62,"column":24},"end":{"line":62,"column":49}},{"start":{"line":62,"column":49},"end":{"line":62,"column":null}}],"line":62},"6":{"loc":{"start":{"line":63,"column":29},"end":{"line":63,"column":null}},"type":"binary-expr","locations":[{"start":{"line":63,"column":29},"end":{"line":63,"column":59}},{"start":{"line":63,"column":59},"end":{"line":63,"column":null}}],"line":63},"7":{"loc":{"start":{"line":66,"column":36},"end":{"line":66,"column":null}},"type":"binary-expr","locations":[{"start":{"line":66,"column":36},"end":{"line":66,"column":73}},{"start":{"line":66,"column":73},"end":{"line":66,"column":null}}],"line":66},"8":{"loc":{"start":{"line":67,"column":26},"end":{"line":67,"column":null}},"type":"binary-expr","locations":[{"start":{"line":67,"column":26},"end":{"line":67,"column":53}},{"start":{"line":67,"column":53},"end":{"line":67,"column":null}}],"line":67},"9":{"loc":{"start":{"line":68,"column":28},"end":{"line":68,"column":null}},"type":"binary-expr","locations":[{"start":{"line":68,"column":28},"end":{"line":68,"column":57}},{"start":{"line":68,"column":57},"end":{"line":68,"column":null}}],"line":68},"10":{"loc":{"start":{"line":69,"column":24},"end":{"line":69,"column":null}},"type":"binary-expr","locations":[{"start":{"line":69,"column":24},"end":{"line":69,"column":49}},{"start":{"line":69,"column":49},"end":{"line":69,"column":null}}],"line":69},"11":{"loc":{"start":{"line":70,"column":29},"end":{"line":70,"column":null}},"type":"binary-expr","locations":[{"start":{"line":70,"column":29},"end":{"line":70,"column":59}},{"start":{"line":70,"column":59},"end":{"line":70,"column":null}}],"line":70},"12":{"loc":{"start":{"line":73,"column":36},"end":{"line":73,"column":null}},"type":"binary-expr","locations":[{"start":{"line":73,"column":36},"end":{"line":73,"column":72}},{"start":{"line":73,"column":72},"end":{"line":73,"column":null}}],"line":73},"13":{"loc":{"start":{"line":74,"column":26},"end":{"line":74,"column":null}},"type":"binary-expr","locations":[{"start":{"line":74,"column":26},"end":{"line":74,"column":52}},{"start":{"line":74,"column":52},"end":{"line":74,"column":null}}],"line":74},"14":{"loc":{"start":{"line":75,"column":28},"end":{"line":75,"column":null}},"type":"binary-expr","locations":[{"start":{"line":75,"column":28},"end":{"line":75,"column":56}},{"start":{"line":75,"column":56},"end":{"line":75,"column":null}}],"line":75},"15":{"loc":{"start":{"line":76,"column":24},"end":{"line":76,"column":null}},"type":"binary-expr","locations":[{"start":{"line":76,"column":24},"end":{"line":76,"column":48}},{"start":{"line":76,"column":48},"end":{"line":76,"column":null}}],"line":76},"16":{"loc":{"start":{"line":77,"column":29},"end":{"line":77,"column":null}},"type":"binary-expr","locations":[{"start":{"line":77,"column":29},"end":{"line":77,"column":58}},{"start":{"line":77,"column":58},"end":{"line":77,"column":null}}],"line":77},"17":{"loc":{"start":{"line":80,"column":24},"end":{"line":80,"column":null}},"type":"binary-expr","locations":[{"start":{"line":80,"column":24},"end":{"line":80,"column":51}},{"start":{"line":80,"column":51},"end":{"line":80,"column":null}}],"line":80},"18":{"loc":{"start":{"line":87,"column":27},"end":{"line":87,"column":null}},"type":"binary-expr","locations":[{"start":{"line":87,"column":27},"end":{"line":87,"column":53}},{"start":{"line":87,"column":53},"end":{"line":87,"column":null}}],"line":87},"19":{"loc":{"start":{"line":89,"column":10},"end":{"line":97,"column":null}},"type":"if","locations":[{"start":{"line":89,"column":10},"end":{"line":97,"column":null}},{"start":{},"end":{}}],"line":89},"20":{"loc":{"start":{"line":91,"column":26},"end":{"line":91,"column":null}},"type":"binary-expr","locations":[{"start":{"line":91,"column":26},"end":{"line":91,"column":49}},{"start":{"line":91,"column":49},"end":{"line":91,"column":null}}],"line":91},"21":{"loc":{"start":{"line":92,"column":25},"end":{"line":92,"column":null}},"type":"binary-expr","locations":[{"start":{"line":92,"column":25},"end":{"line":92,"column":47}},{"start":{"line":92,"column":47},"end":{"line":92,"column":null}}],"line":92},"22":{"loc":{"start":{"line":93,"column":26},"end":{"line":93,"column":null}},"type":"binary-expr","locations":[{"start":{"line":93,"column":26},"end":{"line":93,"column":49}},{"start":{"line":93,"column":49},"end":{"line":93,"column":null}}],"line":93},"23":{"loc":{"start":{"line":94,"column":21},"end":{"line":94,"column":null}},"type":"binary-expr","locations":[{"start":{"line":94,"column":21},"end":{"line":94,"column":39}},{"start":{"line":94,"column":39},"end":{"line":94,"column":null}}],"line":94},"24":{"loc":{"start":{"line":112,"column":22},"end":{"line":112,"column":null}},"type":"binary-expr","locations":[{"start":{"line":112,"column":22},"end":{"line":112,"column":49}},{"start":{"line":112,"column":49},"end":{"line":112,"column":74}},{"start":{"line":112,"column":74},"end":{"line":112,"column":null}}],"line":112},"25":{"loc":{"start":{"line":142,"column":11},"end":{"line":144,"column":null}},"type":"cond-expr","locations":[{"start":{"line":143,"column":8},"end":{"line":143,"column":null}},{"start":{"line":144,"column":8},"end":{"line":144,"column":null}}],"line":142},"26":{"loc":{"start":{"line":142,"column":11},"end":{"line":142,"column":null}},"type":"binary-expr","locations":[{"start":{"line":142,"column":11},"end":{"line":142,"column":23}},{"start":{"line":142,"column":23},"end":{"line":142,"column":null}}],"line":142},"27":{"loc":{"start":{"line":152,"column":6},"end":{"line":161,"column":null}},"type":"if","locations":[{"start":{"line":152,"column":6},"end":{"line":161,"column":null}},{"start":{},"end":{}}],"line":152},"28":{"loc":{"start":{"line":178,"column":6},"end":{"line":178,"column":null}},"type":"if","locations":[{"start":{"line":178,"column":6},"end":{"line":178,"column":null}},{"start":{},"end":{}}],"line":178},"29":{"loc":{"start":{"line":202,"column":6},"end":{"line":202,"column":null}},"type":"if","locations":[{"start":{"line":202,"column":6},"end":{"line":202,"column":null}},{"start":{},"end":{}}],"line":202},"30":{"loc":{"start":{"line":223,"column":6},"end":{"line":223,"column":null}},"type":"if","locations":[{"start":{"line":223,"column":6},"end":{"line":223,"column":null}},{"start":{},"end":{}}],"line":223},"31":{"loc":{"start":{"line":244,"column":6},"end":{"line":244,"column":null}},"type":"if","locations":[{"start":{"line":244,"column":6},"end":{"line":244,"column":null}},{"start":{},"end":{}}],"line":244},"32":{"loc":{"start":{"line":265,"column":6},"end":{"line":265,"column":null}},"type":"if","locations":[{"start":{"line":265,"column":6},"end":{"line":265,"column":null}},{"start":{},"end":{}}],"line":265},"33":{"loc":{"start":{"line":285,"column":4},"end":{"line":285,"column":null}},"type":"if","locations":[{"start":{"line":285,"column":4},"end":{"line":285,"column":null}},{"start":{},"end":{}}],"line":285},"34":{"loc":{"start":{"line":293,"column":4},"end":{"line":293,"column":null}},"type":"if","locations":[{"start":{"line":293,"column":4},"end":{"line":293,"column":null}},{"start":{},"end":{}}],"line":293},"35":{"loc":{"start":{"line":302,"column":71},"end":{"line":302,"column":96}},"type":"binary-expr","locations":[{"start":{"line":302,"column":71},"end":{"line":302,"column":93}},{"start":{"line":302,"column":93},"end":{"line":302,"column":96}}],"line":302},"36":{"loc":{"start":{"line":308,"column":17},"end":{"line":308,"column":null}},"type":"binary-expr","locations":[{"start":{"line":308,"column":17},"end":{"line":308,"column":39}},{"start":{"line":308,"column":39},"end":{"line":308,"column":null}}],"line":308},"37":{"loc":{"start":{"line":343,"column":21},"end":{"line":343,"column":104}},"type":"cond-expr","locations":[{"start":{"line":343,"column":58},"end":{"line":343,"column":102}},{"start":{"line":343,"column":102},"end":{"line":343,"column":104}}],"line":343},"38":{"loc":{"start":{"line":349,"column":4},"end":{"line":357,"column":null}},"type":"if","locations":[{"start":{"line":349,"column":4},"end":{"line":357,"column":null}},{"start":{},"end":{}}],"line":349},"39":{"loc":{"start":{"line":349,"column":8},"end":{"line":349,"column":37}},"type":"binary-expr","locations":[{"start":{"line":349,"column":8},"end":{"line":349,"column":25}},{"start":{"line":349,"column":25},"end":{"line":349,"column":37}}],"line":349},"40":{"loc":{"start":{"line":420,"column":9},"end":{"line":423,"column":null}},"type":"binary-expr","locations":[{"start":{"line":420,"column":9},"end":{"line":420,"column":null}},{"start":{"line":421,"column":10},"end":{"line":423,"column":null}}],"line":420},"41":{"loc":{"start":{"line":427,"column":7},"end":{"line":457,"column":null}},"type":"binary-expr","locations":[{"start":{"line":427,"column":7},"end":{"line":427,"column":null}},{"start":{"line":428,"column":8},"end":{"line":457,"column":null}}],"line":427},"42":{"loc":{"start":{"line":436,"column":13},"end":{"line":443,"column":null}},"type":"cond-expr","locations":[{"start":{"line":437,"column":14},"end":{"line":437,"column":null}},{"start":{"line":439,"column":14},"end":{"line":443,"column":null}}],"line":436},"43":{"loc":{"start":{"line":447,"column":15},"end":{"line":450,"column":null}},"type":"binary-expr","locations":[{"start":{"line":447,"column":15},"end":{"line":447,"column":null}},{"start":{"line":448,"column":16},"end":{"line":450,"column":null}}],"line":447},"44":{"loc":{"start":{"line":460,"column":7},"end":{"line":478,"column":null}},"type":"binary-expr","locations":[{"start":{"line":460,"column":7},"end":{"line":460,"column":null}},{"start":{"line":461,"column":8},"end":{"line":478,"column":null}}],"line":460},"45":{"loc":{"start":{"line":481,"column":7},"end":{"line":509,"column":null}},"type":"binary-expr","locations":[{"start":{"line":481,"column":7},"end":{"line":481,"column":null}},{"start":{"line":482,"column":8},"end":{"line":509,"column":null}}],"line":481},"46":{"loc":{"start":{"line":496,"column":43},"end":{"line":496,"column":84}},"type":"cond-expr","locations":[{"start":{"line":496,"column":69},"end":{"line":496,"column":82}},{"start":{"line":496,"column":82},"end":{"line":496,"column":84}}],"line":496},"47":{"loc":{"start":{"line":512,"column":7},"end":{"line":562,"column":null}},"type":"binary-expr","locations":[{"start":{"line":512,"column":7},"end":{"line":512,"column":null}},{"start":{"line":513,"column":8},"end":{"line":562,"column":null}}],"line":512},"48":{"loc":{"start":{"line":518,"column":13},"end":{"line":555,"column":null}},"type":"cond-expr","locations":[{"start":{"line":519,"column":14},"end":{"line":519,"column":null}},{"start":{"line":521,"column":14},"end":{"line":555,"column":null}}],"line":518},"49":{"loc":{"start":{"line":528,"column":25},"end":{"line":528,"column":null}},"type":"binary-expr","locations":[{"start":{"line":528,"column":25},"end":{"line":528,"column":44}},{"start":{"line":528,"column":44},"end":{"line":528,"column":null}}],"line":528},"50":{"loc":{"start":{"line":541,"column":21},"end":{"line":551,"column":null}},"type":"cond-expr","locations":[{"start":{"line":542,"column":22},"end":{"line":549,"column":null}},{"start":{"line":551,"column":22},"end":{"line":551,"column":null}}],"line":541}},"s":{"0":1,"1":1,"2":1,"3":10,"4":10,"5":10,"6":10,"7":10,"8":10,"9":10,"10":10,"11":10,"12":10,"13":10,"14":9,"15":9,"16":9,"17":2,"18":6,"19":18,"20":18,"21":18,"22":3,"23":18,"24":6,"25":1,"26":1,"27":10,"28":10,"29":10,"30":0,"31":0,"32":0,"33":10,"34":120,"35":120,"36":10,"37":0,"38":0,"39":0,"40":0,"41":0,"42":0,"43":10,"44":0,"45":0,"46":0,"47":0,"48":0,"49":10,"50":0,"51":0,"52":0,"53":0,"54":0,"55":10,"56":0,"57":0,"58":0,"59":0,"60":0,"61":10,"62":0,"63":0,"64":0,"65":0,"66":0,"67":10,"68":0,"69":0,"70":0,"71":0,"72":0,"73":10,"74":0,"75":0,"76":0,"77":0,"78":0,"79":10,"80":0,"81":0,"82":0,"83":0,"84":0,"85":0,"86":0,"87":0,"88":0,"89":0,"90":0,"91":0,"92":0,"93":10,"94":0,"95":10,"96":0,"97":0,"98":10,"99":0,"100":0,"101":10,"102":0,"103":0,"104":0,"105":0,"106":0,"107":10,"108":0,"109":10,"110":0,"111":0,"112":0,"113":0,"114":0,"115":0,"116":0,"117":0,"118":0,"119":0,"120":0,"121":0,"122":0,"123":0,"124":0},"f":{"0":10,"1":10,"2":18,"3":10,"4":0,"5":0,"6":120,"7":0,"8":0,"9":0,"10":0,"11":0,"12":0,"13":0,"14":0,"15":0,"16":0,"17":0,"18":0,"19":0,"20":0,"21":0,"22":0,"23":0,"24":0,"25":0,"26":0,"27":0,"28":0,"29":0,"30":0,"31":0,"32":0,"33":0,"34":0,"35":0,"36":0,"37":0,"38":0,"39":0,"40":0,"41":0,"42":0,"43":0},"b":{"0":[9,1],"1":[2,7],"2":[2,0],"3":[2,0],"4":[2,0],"5":[2,0],"6":[2,0],"7":[2,1],"8":[2,0],"9":[2,0],"10":[2,1],"11":[2,0],"12":[2,1],"13":[2,0],"14":[2,0],"15":[2,1],"16":[2,0],"17":[2,0],"18":[18,15],"19":[3,15],"20":[3,0],"21":[3,0],"22":[3,0],"23":[3,0],"24":[6,6,1],"25":[48,72],"26":[120,60],"27":[0,0],"28":[0,0],"29":[0,0],"30":[0,0],"31":[0,0],"32":[0,0],"33":[0,0],"34":[0,0],"35":[0,0],"36":[0,0],"37":[0,0],"38":[0,0],"39":[0,0],"40":[10,5],"41":[10,0],"42":[0,0],"43":[0,0],"44":[10,0],"45":[10,0],"46":[0,0],"47":[10,0],"48":[0,0],"49":[0,0],"50":[0,0]},"meta":{"lastBranch":51,"lastFunction":44,"lastStatement":125,"seen":{"s:14:20:18:Infinity":0,"s:20:20:20:Infinity":1,"s:22:27:31:Infinity":2,"f:33:9:33:15":0,"s:34:34:34:Infinity":3,"s:35:50:35:Infinity":4,"s:36:44:36:Infinity":5,"s:37:48:37:Infinity":6,"s:38:40:38:Infinity":7,"s:39:40:39:Infinity":8,"s:40:52:40:Infinity":9,"s:41:32:121:Infinity":10,"f:41:55:41:61":1,"s:43:18:43:Infinity":11,"s:44:35:49:Infinity":12,"b:51:4:118:Infinity:undefined:undefined:undefined:undefined":0,"s:51:4:118:Infinity":13,"s:52:6:117:Infinity":14,"s:53:23:53:Infinity":15,"b:56:8:83:Infinity:undefined:undefined:undefined:undefined":1,"s:56:8:83:Infinity":16,"s:57:10:82:Infinity":17,"b:59:36:59:73:59:73:59:Infinity":2,"b:60:26:60:53:60:53:60:Infinity":3,"b:61:28:61:57:61:57:61:Infinity":4,"b:62:24:62:49:62:49:62:Infinity":5,"b:63:29:63:59:63:59:63:Infinity":6,"b:66:36:66:73:66:73:66:Infinity":7,"b:67:26:67:53:67:53:67:Infinity":8,"b:68:28:68:57:68:57:68:Infinity":9,"b:69:24:69:49:69:49:69:Infinity":10,"b:70:29:70:59:70:59:70:Infinity":11,"b:73:36:73:72:73:72:73:Infinity":12,"b:74:26:74:52:74:52:74:Infinity":13,"b:75:28:75:56:75:56:75:Infinity":14,"b:76:24:76:48:76:48:76:Infinity":15,"b:77:29:77:58:77:58:77:Infinity":16,"b:80:24:80:51:80:51:80:Infinity":17,"s:86:28:105:Infinity":18,"f:86:28:86:29":2,"s:87:27:87:Infinity":19,"b:87:27:87:53:87:53:87:Infinity":18,"s:88:50:88:Infinity":20,"b:89:10:97:Infinity:undefined:undefined:undefined:undefined":19,"s:89:10:97:Infinity":21,"s:90:12:96:Infinity":22,"b:91:26:91:49:91:49:91:Infinity":20,"b:92:25:92:47:92:47:92:Infinity":21,"b:93:26:93:49:93:49:93:Infinity":22,"b:94:21:94:39:94:39:94:Infinity":23,"s:98:10:104:Infinity":23,"s:107:8:114:Infinity":24,"b:112:22:112:49:112:49:112:74:112:74:112:Infinity":24,"s:116:8:116:Infinity":25,"s:120:4:120:Infinity":26,"s:124:2:126:Infinity":27,"f:124:12:124:18":3,"s:125:4:125:Infinity":28,"s:128:19:137:Infinity":29,"f:128:19:128:25":4,"s:129:20:129:Infinity":30,"s:130:4:136:Infinity":31,"f:130:17:130:26":5,"s:130:26:136:6":32,"s:140:30:145:Infinity":33,"f:140:30:140:36":6,"s:141:21:141:Infinity":34,"s:142:4:144:Infinity":35,"b:143:8:143:Infinity:144:8:144:Infinity":25,"b:142:11:142:23:142:23:142:Infinity":26,"s:147:32:173:Infinity":36,"f:147:32:147:33":7,"s:148:4:172:Infinity":37,"f:148:17:148:25":8,"s:149:26:149:Infinity":38,"s:150:28:150:Infinity":39,"b:152:6:161:Infinity:undefined:undefined:undefined:undefined":27,"s:152:6:161:Infinity":40,"s:154:8:160:Infinity":41,"s:164:6:171:Infinity":42,"s:175:26:197:Infinity":43,"f:175:26:175:27":9,"s:176:4:196:Infinity":44,"f:176:17:176:25":10,"s:177:23:177:Infinity":45,"b:178:6:178:Infinity:undefined:undefined:undefined:undefined":28,"s:178:6:178:Infinity":46,"s:178:21:178:Infinity":47,"s:180:6:195:Infinity":48,"s:199:22:218:Infinity":49,"f:199:22:199:23":11,"s:200:4:217:Infinity":50,"f:200:17:200:25":12,"s:201:23:201:Infinity":51,"b:202:6:202:Infinity:undefined:undefined:undefined:undefined":29,"s:202:6:202:Infinity":52,"s:202:21:202:Infinity":53,"s:204:6:216:Infinity":54,"s:220:26:239:Infinity":55,"f:220:26:220:27":13,"s:221:4:238:Infinity":56,"f:221:17:221:25":14,"s:222:23:222:Infinity":57,"b:223:6:223:Infinity:undefined:undefined:undefined:undefined":30,"s:223:6:223:Infinity":58,"s:223:21:223:Infinity":59,"s:225:6:237:Infinity":60,"s:241:27:260:Infinity":61,"f:241:27:241:28":15,"s:242:4:259:Infinity":62,"f:242:17:242:25":16,"s:243:23:243:Infinity":63,"b:244:6:244:Infinity:undefined:undefined:undefined:undefined":31,"s:244:6:244:Infinity":64,"s:244:21:244:Infinity":65,"s:246:6:258:Infinity":66,"s:262:24:281:Infinity":67,"f:262:24:262:25":17,"s:263:4:280:Infinity":68,"f:263:17:263:25":18,"s:264:23:264:Infinity":69,"b:265:6:265:Infinity:undefined:undefined:undefined:undefined":32,"s:265:6:265:Infinity":70,"s:265:21:265:Infinity":71,"s:267:6:279:Infinity":72,"s:283:26:289:Infinity":73,"f:283:26:283:32":19,"s:284:21:284:Infinity":74,"b:285:4:285:Infinity:undefined:undefined:undefined:undefined":33,"s:285:4:285:Infinity":75,"s:285:19:285:Infinity":76,"s:287:4:287:Infinity":77,"s:288:4:288:Infinity":78,"s:291:27:326:Infinity":79,"f:291:27:291:33":20,"s:292:21:292:Infinity":80,"b:293:4:293:Infinity:undefined:undefined:undefined:undefined":34,"s:293:4:293:Infinity":81,"s:293:19:293:Infinity":82,"s:295:4:322:Infinity":83,"f:295:17:295:25":21,"s:296:24:296:Infinity":84,"s:297:28:297:Infinity":85,"s:298:6:298:Infinity":86,"s:301:34:301:Infinity":87,"s:302:30:302:Infinity":88,"b:302:71:302:93:302:93:302:96":35,"s:305:27:310:Infinity":89,"b:308:17:308:39:308:39:308:Infinity":36,"s:312:6:321:Infinity":90,"s:324:4:324:Infinity":91,"s:325:4:325:Infinity":92,"s:328:26:330:Infinity":93,"f:328:26:328:32":22,"s:329:4:329:Infinity":94,"s:332:28:340:Infinity":95,"f:332:28:332:34":23,"s:333:4:339:Infinity":96,"f:333:17:333:26":24,"s:333:26:339:6":97,"s:342:28:345:Infinity":98,"f:342:28:342:34":25,"s:343:4:343:Infinity":99,"b:343:58:343:102:343:102:343:104":37,"s:344:4:344:Infinity":100,"s:347:23:359:Infinity":101,"f:347:23:347:29":26,"s:348:18:348:Infinity":102,"b:349:4:357:Infinity:undefined:undefined:undefined:undefined":38,"s:349:4:357:Infinity":103,"b:349:8:349:25:349:25:349:37":39,"s:350:6:356:Infinity":104,"f:350:19:350:28":27,"s:350:28:356:8":105,"s:358:4:358:Infinity":106,"s:361:25:363:Infinity":107,"f:361:25:361:31":28,"s:362:4:362:Infinity":108,"s:365:2:564:Infinity":109,"f:417:29:417:35":29,"s:417:35:417:Infinity":110,"b:420:9:420:Infinity:421:10:423:Infinity":40,"b:427:7:427:Infinity:428:8:457:Infinity":41,"f:428:55:428:61":30,"s:428:61:428:Infinity":111,"f:429:57:429:58":31,"s:429:64:429:Infinity":112,"f:430:53:430:59":32,"s:430:59:430:86":113,"b:437:14:437:Infinity:439:14:443:Infinity":42,"f:440:56:440:57":33,"s:441:18:441:Infinity":114,"b:447:15:447:Infinity:448:16:450:Infinity":43,"f:452:64:452:70":34,"s:452:70:452:97":115,"b:460:7:460:Infinity:461:8:478:Infinity":44,"f:468:24:468:25":35,"s:468:31:468:Infinity":116,"b:481:7:481:Infinity:482:8:509:Infinity":45,"f:493:37:493:Infinity":36,"s:494:18:500:Infinity":117,"b:496:69:496:82:496:82:496:84":46,"f:497:29:497:35":37,"s:497:35:497:Infinity":118,"b:512:7:512:Infinity:513:8:562:Infinity":47,"f:513:48:513:54":38,"s:513:54:513:Infinity":119,"f:514:68:514:69":39,"s:514:75:514:Infinity":120,"f:515:53:515:59":40,"s:515:59:515:90":121,"b:519:14:519:Infinity:521:14:555:Infinity":48,"f:522:57:522:58":41,"s:523:18:553:Infinity":122,"b:528:25:528:44:528:44:528:Infinity":49,"b:542:22:549:Infinity:551:22:551:Infinity":50,"f:545:43:545:44":42,"s:546:28:546:Infinity":123,"f:558:65:558:71":43,"s:558:71:558:102":124}}}
,"/Users/bblue/Dev/arkham-gamebook/src/components/AbilitiesSection.tsx": {"path":"/Users/bblue/Dev/arkham-gamebook/src/components/AbilitiesSection.tsx","statementMap":{"0":{"start":{"line":12,"column":30},"end":{"line":12,"column":null}},"1":{"start":{"line":13,"column":36},"end":{"line":13,"column":null}},"2":{"start":{"line":15,"column":40},"end":{"line":15,"column":null}},"3":{"start":{"line":18,"column":8},"end":{"line":22,"column":null}},"4":{"start":{"line":19,"column":4},"end":{"line":21,"column":null}},"5":{"start":{"line":20,"column":6},"end":{"line":20,"column":null}},"6":{"start":{"line":24,"column":24},"end":{"line":29,"column":null}},"7":{"start":{"line":25,"column":4},"end":{"line":28,"column":null}},"8":{"start":{"line":26,"column":6},"end":{"line":26,"column":null}},"9":{"start":{"line":27,"column":6},"end":{"line":27,"column":null}},"10":{"start":{"line":31,"column":27},"end":{"line":33,"column":null}},"11":{"start":{"line":32,"column":4},"end":{"line":32,"column":null}},"12":{"start":{"line":32,"column":39},"end":{"line":32,"column":56}},"13":{"start":{"line":35,"column":2},"end":{"line":188,"column":null}},"14":{"start":{"line":42,"column":25},"end":{"line":42,"column":null}},"15":{"start":{"line":53,"column":50},"end":{"line":53,"column":75}},"16":{"start":{"line":55,"column":54},"end":{"line":55,"column":79}},"17":{"start":{"line":66,"column":27},"end":{"line":66,"column":null}},"18":{"start":{"line":69,"column":31},"end":{"line":69,"column":null}},"19":{"start":{"line":69,"column":66},"end":{"line":69,"column":91}},"20":{"start":{"line":70,"column":14},"end":{"line":76,"column":null}},"21":{"start":{"line":86,"column":49},"end":{"line":86,"column":58}},"22":{"start":{"line":89,"column":44},"end":{"line":89,"column":null}},"23":{"start":{"line":90,"column":39},"end":{"line":90,"column":null}},"24":{"start":{"line":93,"column":14},"end":{"line":95,"column":null}},"25":{"start":{"line":94,"column":16},"end":{"line":94,"column":null}},"26":{"start":{"line":96,"column":14},"end":{"line":98,"column":null}},"27":{"start":{"line":97,"column":16},"end":{"line":97,"column":null}},"28":{"start":{"line":103,"column":14},"end":{"line":128,"column":null}},"29":{"start":{"line":165,"column":33},"end":{"line":165,"column":null}},"30":{"start":{"line":165,"column":68},"end":{"line":165,"column":93}},"31":{"start":{"line":166,"column":16},"end":{"line":181,"column":null}},"32":{"start":{"line":176,"column":37},"end":{"line":176,"column":null}}},"fnMap":{"0":{"name":"AbilitiesSection","decl":{"start":{"line":11,"column":24},"end":{"line":11,"column":41}},"loc":{"start":{"line":11,"column":86},"end":{"line":190,"column":null}},"line":11},"1":{"name":"(anonymous_1)","decl":{"start":{"line":18,"column":34},"end":{"line":18,"column":40}},"loc":{"start":{"line":18,"column":40},"end":{"line":22,"column":5}},"line":18},"2":{"name":"(anonymous_2)","decl":{"start":{"line":19,"column":37},"end":{"line":19,"column":null}},"loc":{"start":{"line":20,"column":6},"end":{"line":20,"column":null}},"line":20},"3":{"name":"(anonymous_3)","decl":{"start":{"line":24,"column":24},"end":{"line":24,"column":25}},"loc":{"start":{"line":24,"column":53},"end":{"line":29,"column":null}},"line":24},"4":{"name":"(anonymous_4)","decl":{"start":{"line":31,"column":27},"end":{"line":31,"column":28}},"loc":{"start":{"line":31,"column":49},"end":{"line":33,"column":null}},"line":31},"5":{"name":"(anonymous_5)","decl":{"start":{"line":32,"column":31},"end":{"line":32,"column":39}},"loc":{"start":{"line":32,"column":39},"end":{"line":32,"column":56}},"line":32},"6":{"name":"(anonymous_6)","decl":{"start":{"line":42,"column":19},"end":{"line":42,"column":25}},"loc":{"start":{"line":42,"column":25},"end":{"line":42,"column":null}},"line":42},"7":{"name":"(anonymous_7)","decl":{"start":{"line":53,"column":39},"end":{"line":53,"column":50}},"loc":{"start":{"line":53,"column":50},"end":{"line":53,"column":75}},"line":53},"8":{"name":"(anonymous_8)","decl":{"start":{"line":55,"column":43},"end":{"line":55,"column":54}},"loc":{"start":{"line":55,"column":54},"end":{"line":55,"column":79}},"line":55},"9":{"name":"(anonymous_9)","decl":{"start":{"line":66,"column":21},"end":{"line":66,"column":27}},"loc":{"start":{"line":66,"column":27},"end":{"line":66,"column":null}},"line":66},"10":{"name":"(anonymous_10)","decl":{"start":{"line":68,"column":32},"end":{"line":68,"column":33}},"loc":{"start":{"line":68,"column":53},"end":{"line":78,"column":13}},"line":68},"11":{"name":"(anonymous_11)","decl":{"start":{"line":69,"column":55},"end":{"line":69,"column":66}},"loc":{"start":{"line":69,"column":66},"end":{"line":69,"column":91}},"line":69},"12":{"name":"(anonymous_12)","decl":{"start":{"line":86,"column":41},"end":{"line":86,"column":49}},"loc":{"start":{"line":86,"column":49},"end":{"line":86,"column":58}},"line":86},"13":{"name":"(anonymous_13)","decl":{"start":{"line":89,"column":27},"end":{"line":89,"column":28}},"loc":{"start":{"line":89,"column":44},"end":{"line":89,"column":null}},"line":89},"14":{"name":"(anonymous_14)","decl":{"start":{"line":90,"column":22},"end":{"line":90,"column":23}},"loc":{"start":{"line":90,"column":39},"end":{"line":90,"column":null}},"line":90},"15":{"name":"(anonymous_15)","decl":{"start":{"line":91,"column":27},"end":{"line":91,"column":28}},"loc":{"start":{"line":91,"column":47},"end":{"line":99,"column":null}},"line":91},"16":{"name":"(anonymous_16)","decl":{"start":{"line":96,"column":36},"end":{"line":96,"column":null}},"loc":{"start":{"line":97,"column":16},"end":{"line":97,"column":null}},"line":97},"17":{"name":"(anonymous_17)","decl":{"start":{"line":102,"column":25},"end":{"line":102,"column":26}},"loc":{"start":{"line":103,"column":14},"end":{"line":128,"column":null}},"line":103},"18":{"name":"(anonymous_18)","decl":{"start":{"line":164,"column":25},"end":{"line":164,"column":26}},"loc":{"start":{"line":164,"column":46},"end":{"line":183,"column":15}},"line":164},"19":{"name":"(anonymous_19)","decl":{"start":{"line":165,"column":57},"end":{"line":165,"column":68}},"loc":{"start":{"line":165,"column":68},"end":{"line":165,"column":93}},"line":165},"20":{"name":"(anonymous_20)","decl":{"start":{"line":176,"column":31},"end":{"line":176,"column":37}},"loc":{"start":{"line":176,"column":37},"end":{"line":176,"column":null}},"line":176}},"branchMap":{"0":{"loc":{"start":{"line":20,"column":6},"end":{"line":20,"column":null}},"type":"binary-expr","locations":[{"start":{"line":20,"column":6},"end":{"line":20,"column":37}},{"start":{"line":20,"column":37},"end":{"line":20,"column":null}}],"line":20},"1":{"loc":{"start":{"line":25,"column":4},"end":{"line":28,"column":null}},"type":"if","locations":[{"start":{"line":25,"column":4},"end":{"line":28,"column":null}},{"start":{},"end":{}}],"line":25},"2":{"loc":{"start":{"line":25,"column":8},"end":{"line":25,"column":47}},"type":"binary-expr","locations":[{"start":{"line":25,"column":8},"end":{"line":25,"column":20}},{"start":{"line":25,"column":20},"end":{"line":25,"column":47}}],"line":25},"3":{"loc":{"start":{"line":38,"column":46},"end":{"line":38,"column":94}},"type":"cond-expr","locations":[{"start":{"line":38,"column":78},"end":{"line":38,"column":92}},{"start":{"line":38,"column":92},"end":{"line":38,"column":94}}],"line":38},"4":{"loc":{"start":{"line":38,"column":46},"end":{"line":38,"column":78}},"type":"binary-expr","locations":[{"start":{"line":38,"column":46},"end":{"line":38,"column":59}},{"start":{"line":38,"column":59},"end":{"line":38,"column":78}}],"line":38},"5":{"loc":{"start":{"line":44,"column":11},"end":{"line":45,"column":null}},"type":"binary-expr","locations":[{"start":{"line":44,"column":11},"end":{"line":44,"column":null}},{"start":{"line":45,"column":12},"end":{"line":45,"column":null}}],"line":44},"6":{"loc":{"start":{"line":47,"column":11},"end":{"line":48,"column":null}},"type":"binary-expr","locations":[{"start":{"line":47,"column":11},"end":{"line":47,"column":24}},{"start":{"line":47,"column":24},"end":{"line":47,"column":null}},{"start":{"line":48,"column":12},"end":{"line":48,"column":null}}],"line":47},"7":{"loc":{"start":{"line":50,"column":11},"end":{"line":58,"column":null}},"type":"binary-expr","locations":[{"start":{"line":50,"column":11},"end":{"line":50,"column":24}},{"start":{"line":50,"column":24},"end":{"line":50,"column":null}},{"start":{"line":51,"column":12},"end":{"line":58,"column":null}}],"line":50},"8":{"loc":{"start":{"line":51,"column":57},"end":{"line":51,"column":95}},"type":"cond-expr","locations":[{"start":{"line":51,"column":76},"end":{"line":51,"column":93}},{"start":{"line":51,"column":93},"end":{"line":51,"column":95}}],"line":51},"9":{"loc":{"start":{"line":53,"column":15},"end":{"line":56,"column":null}},"type":"binary-expr","locations":[{"start":{"line":53,"column":15},"end":{"line":53,"column":null}},{"start":{"line":54,"column":16},"end":{"line":56,"column":null}}],"line":53},"10":{"loc":{"start":{"line":60,"column":42},"end":{"line":60,"column":68}},"type":"cond-expr","locations":[{"start":{"line":60,"column":53},"end":{"line":60,"column":66}},{"start":{"line":60,"column":66},"end":{"line":60,"column":68}}],"line":60},"11":{"loc":{"start":{"line":63,"column":9},"end":{"line":79,"column":null}},"type":"binary-expr","locations":[{"start":{"line":63,"column":9},"end":{"line":63,"column":22}},{"start":{"line":63,"column":22},"end":{"line":63,"column":null}},{"start":{"line":64,"column":10},"end":{"line":79,"column":null}}],"line":63},"12":{"loc":{"start":{"line":73,"column":19},"end":{"line":74,"column":null}},"type":"binary-expr","locations":[{"start":{"line":73,"column":19},"end":{"line":73,"column":null}},{"start":{"line":74,"column":20},"end":{"line":74,"column":null}}],"line":73},"13":{"loc":{"start":{"line":83,"column":7},"end":{"line":186,"column":null}},"type":"binary-expr","locations":[{"start":{"line":83,"column":7},"end":{"line":83,"column":null}},{"start":{"line":84,"column":8},"end":{"line":186,"column":null}}],"line":83},"14":{"loc":{"start":{"line":93,"column":14},"end":{"line":95,"column":null}},"type":"if","locations":[{"start":{"line":93,"column":14},"end":{"line":95,"column":null}},{"start":{},"end":{}}],"line":93},"15":{"loc":{"start":{"line":162,"column":11},"end":{"line":184,"column":null}},"type":"binary-expr","locations":[{"start":{"line":162,"column":11},"end":{"line":162,"column":null}},{"start":{"line":163,"column":12},"end":{"line":184,"column":null}}],"line":162},"16":{"loc":{"start":{"line":170,"column":23},"end":{"line":171,"column":null}},"type":"binary-expr","locations":[{"start":{"line":170,"column":23},"end":{"line":170,"column":null}},{"start":{"line":171,"column":24},"end":{"line":171,"column":null}}],"line":170}},"s":{"0":10,"1":10,"2":10,"3":10,"4":10,"5":590,"6":10,"7":0,"8":0,"9":0,"10":10,"11":0,"12":0,"13":10,"14":0,"15":236,"16":0,"17":0,"18":0,"19":0,"20":0,"21":0,"22":0,"23":0,"24":0,"25":0,"26":0,"27":0,"28":0,"29":0,"30":0,"31":0,"32":0},"f":{"0":10,"1":10,"2":590,"3":0,"4":0,"5":0,"6":0,"7":236,"8":0,"9":0,"10":0,"11":0,"12":0,"13":0,"14":0,"15":0,"16":0,"17":0,"18":0,"19":0,"20":0},"b":{"0":[590,340],"1":[0,0],"2":[0,0],"3":[4,6],"4":[10,10],"5":[10,0],"6":[10,10,6],"7":[10,10,4],"8":[0,4],"9":[4,0],"10":[0,10],"11":[10,10,0],"12":[0,0],"13":[10,0],"14":[0,0],"15":[0,0],"16":[0,0]},"meta":{"lastBranch":17,"lastFunction":21,"lastStatement":33,"seen":{"f:11:24:11:41":0,"s:12:30:12:Infinity":0,"s:13:36:13:Infinity":1,"s:15:40:15:Infinity":2,"s:18:8:22:Infinity":3,"f:18:34:18:40":1,"s:19:4:21:Infinity":4,"f:19:37:19:Infinity":2,"s:20:6:20:Infinity":5,"b:20:6:20:37:20:37:20:Infinity":0,"s:24:24:29:Infinity":6,"f:24:24:24:25":3,"b:25:4:28:Infinity:undefined:undefined:undefined:undefined":1,"s:25:4:28:Infinity":7,"b:25:8:25:20:25:20:25:47":2,"s:26:6:26:Infinity":8,"s:27:6:27:Infinity":9,"s:31:27:33:Infinity":10,"f:31:27:31:28":4,"s:32:4:32:Infinity":11,"f:32:31:32:39":5,"s:32:39:32:56":12,"s:35:2:188:Infinity":13,"b:38:78:38:92:38:92:38:94":3,"b:38:46:38:59:38:59:38:78":4,"f:42:19:42:25":6,"s:42:25:42:Infinity":14,"b:44:11:44:Infinity:45:12:45:Infinity":5,"b:47:11:47:24:47:24:47:Infinity:48:12:48:Infinity":6,"b:50:11:50:24:50:24:50:Infinity:51:12:58:Infinity":7,"b:51:76:51:93:51:93:51:95":8,"b:53:15:53:Infinity:54:16:56:Infinity":9,"f:53:39:53:50":7,"s:53:50:53:75":15,"f:55:43:55:54":8,"s:55:54:55:79":16,"b:60:53:60:66:60:66:60:68":10,"b:63:9:63:22:63:22:63:Infinity:64:10:79:Infinity":11,"f:66:21:66:27":9,"s:66:27:66:Infinity":17,"f:68:32:68:33":10,"s:69:31:69:Infinity":18,"f:69:55:69:66":11,"s:69:66:69:91":19,"s:70:14:76:Infinity":20,"b:73:19:73:Infinity:74:20:74:Infinity":12,"b:83:7:83:Infinity:84:8:186:Infinity":13,"f:86:41:86:49":12,"s:86:49:86:58":21,"f:89:27:89:28":13,"s:89:44:89:Infinity":22,"f:90:22:90:23":14,"s:90:39:90:Infinity":23,"f:91:27:91:28":15,"b:93:14:95:Infinity:undefined:undefined:undefined:undefined":14,"s:93:14:95:Infinity":24,"s:94:16:94:Infinity":25,"s:96:14:98:Infinity":26,"f:96:36:96:Infinity":16,"s:97:16:97:Infinity":27,"f:102:25:102:26":17,"s:103:14:128:Infinity":28,"b:162:11:162:Infinity:163:12:184:Infinity":15,"f:164:25:164:26":18,"s:165:33:165:Infinity":29,"f:165:57:165:68":19,"s:165:68:165:93":30,"s:166:16:181:Infinity":31,"b:170:23:170:Infinity:171:24:171:Infinity":16,"f:176:31:176:37":20,"s:176:37:176:Infinity":32}}}
,"/Users/bblue/Dev/arkham-gamebook/src/components/AttributesSection.tsx": {"path":"/Users/bblue/Dev/arkham-gamebook/src/components/AttributesSection.tsx","statementMap":{"0":{"start":{"line":37,"column":32},"end":{"line":37,"column":null}},"1":{"start":{"line":38,"column":44},"end":{"line":38,"column":null}},"2":{"start":{"line":39,"column":40},"end":{"line":39,"column":null}},"3":{"start":{"line":40,"column":44},"end":{"line":40,"column":null}},"4":{"start":{"line":41,"column":28},"end":{"line":41,"column":null}},"5":{"start":{"line":42,"column":48},"end":{"line":42,"column":null}},"6":{"start":{"line":43,"column":34},"end":{"line":52,"column":null}},"7":{"start":{"line":54,"column":38},"end":{"line":54,"column":null}},"8":{"start":{"line":55,"column":31},"end":{"line":55,"column":null}},"9":{"start":{"line":58,"column":8},"end":{"line":86,"column":null}},"10":{"start":{"line":59,"column":4},"end":{"line":59,"column":null}},"11":{"start":{"line":59,"column":28},"end":{"line":59,"column":null}},"12":{"start":{"line":61,"column":26},"end":{"line":61,"column":null}},"13":{"start":{"line":64,"column":22},"end":{"line":69,"column":null}},"14":{"start":{"line":66,"column":8},"end":{"line":68,"column":null}},"15":{"start":{"line":71,"column":23},"end":{"line":76,"column":null}},"16":{"start":{"line":73,"column":8},"end":{"line":75,"column":null}},"17":{"start":{"line":79,"column":18},"end":{"line":83,"column":null}},"18":{"start":{"line":81,"column":8},"end":{"line":82,"column":null}},"19":{"start":{"line":85,"column":4},"end":{"line":85,"column":null}},"20":{"start":{"line":89,"column":2},"end":{"line":123,"column":null}},"21":{"start":{"line":90,"column":48},"end":{"line":93,"column":null}},"22":{"start":{"line":95,"column":29},"end":{"line":95,"column":null}},"23":{"start":{"line":97,"column":4},"end":{"line":118,"column":null}},"24":{"start":{"line":99,"column":21},"end":{"line":99,"column":null}},"25":{"start":{"line":101,"column":22},"end":{"line":109,"column":null}},"26":{"start":{"line":102,"column":8},"end":{"line":102,"column":null}},"27":{"start":{"line":102,"column":31},"end":{"line":102,"column":58}},"28":{"start":{"line":104,"column":27},"end":{"line":106,"column":null}},"29":{"start":{"line":105,"column":10},"end":{"line":105,"column":null}},"30":{"start":{"line":105,"column":33},"end":{"line":105,"column":59}},"31":{"start":{"line":108,"column":8},"end":{"line":108,"column":null}},"32":{"start":{"line":112,"column":27},"end":{"line":112,"column":null}},"33":{"start":{"line":113,"column":6},"end":{"line":113,"column":null}},"34":{"start":{"line":116,"column":28},"end":{"line":116,"column":null}},"35":{"start":{"line":117,"column":6},"end":{"line":117,"column":null}},"36":{"start":{"line":120,"column":4},"end":{"line":122,"column":null}},"37":{"start":{"line":121,"column":6},"end":{"line":121,"column":null}},"38":{"start":{"line":121,"column":30},"end":{"line":121,"column":49}},"39":{"start":{"line":125,"column":20},"end":{"line":128,"column":null}},"40":{"start":{"line":126,"column":4},"end":{"line":126,"column":null}},"41":{"start":{"line":127,"column":4},"end":{"line":127,"column":null}},"42":{"start":{"line":130,"column":21},"end":{"line":133,"column":null}},"43":{"start":{"line":131,"column":4},"end":{"line":131,"column":null}},"44":{"start":{"line":132,"column":4},"end":{"line":132,"column":null}},"45":{"start":{"line":135,"column":30},"end":{"line":174,"column":null}},"46":{"start":{"line":136,"column":4},"end":{"line":136,"column":null}},"47":{"start":{"line":136,"column":28},"end":{"line":136,"column":null}},"48":{"start":{"line":139,"column":21},"end":{"line":139,"column":null}},"49":{"start":{"line":140,"column":4},"end":{"line":140,"column":null}},"50":{"start":{"line":141,"column":4},"end":{"line":141,"column":null}},"51":{"start":{"line":144,"column":17},"end":{"line":144,"column":null}},"52":{"start":{"line":145,"column":75},"end":{"line":145,"column":null}},"53":{"start":{"line":148,"column":4},"end":{"line":151,"column":null}},"54":{"start":{"line":149,"column":6},"end":{"line":149,"column":null}},"55":{"start":{"line":150,"column":6},"end":{"line":150,"column":null}},"56":{"start":{"line":154,"column":4},"end":{"line":157,"column":null}},"57":{"start":{"line":155,"column":6},"end":{"line":155,"column":null}},"58":{"start":{"line":156,"column":6},"end":{"line":156,"column":null}},"59":{"start":{"line":159,"column":4},"end":{"line":159,"column":null}},"60":{"start":{"line":160,"column":4},"end":{"line":160,"column":null}},"61":{"start":{"line":163,"column":21},"end":{"line":163,"column":null}},"62":{"start":{"line":164,"column":22},"end":{"line":164,"column":null}},"63":{"start":{"line":165,"column":26},"end":{"line":173,"column":null}},"64":{"start":{"line":166,"column":6},"end":{"line":166,"column":null}},"65":{"start":{"line":167,"column":6},"end":{"line":167,"column":null}},"66":{"start":{"line":169,"column":6},"end":{"line":172,"column":null}},"67":{"start":{"line":170,"column":8},"end":{"line":170,"column":null}},"68":{"start":{"line":171,"column":8},"end":{"line":171,"column":null}},"69":{"start":{"line":176,"column":20},"end":{"line":180,"column":null}},"70":{"start":{"line":177,"column":4},"end":{"line":179,"column":null}},"71":{"start":{"line":178,"column":6},"end":{"line":178,"column":null}},"72":{"start":{"line":182,"column":20},"end":{"line":186,"column":null}},"73":{"start":{"line":183,"column":4},"end":{"line":185,"column":null}},"74":{"start":{"line":184,"column":6},"end":{"line":184,"column":null}},"75":{"start":{"line":188,"column":60},"end":{"line":197,"column":null}},"76":{"start":{"line":199,"column":2},"end":{"line":336,"column":null}},"77":{"start":{"line":203,"column":69},"end":{"line":203,"column":null}},"78":{"start":{"line":207,"column":69},"end":{"line":207,"column":null}},"79":{"start":{"line":211,"column":66},"end":{"line":211,"column":null}},"80":{"start":{"line":218,"column":66},"end":{"line":218,"column":null}},"81":{"start":{"line":222,"column":66},"end":{"line":222,"column":null}},"82":{"start":{"line":229,"column":69},"end":{"line":229,"column":null}},"83":{"start":{"line":233,"column":65},"end":{"line":233,"column":null}},"84":{"start":{"line":237,"column":64},"end":{"line":237,"column":null}},"85":{"start":{"line":246,"column":80},"end":{"line":246,"column":null}},"86":{"start":{"line":271,"column":20},"end":{"line":276,"column":null}},"87":{"start":{"line":279,"column":20},"end":{"line":284,"column":null}},"88":{"start":{"line":287,"column":20},"end":{"line":292,"column":null}},"89":{"start":{"line":302,"column":54},"end":{"line":302,"column":null}},"90":{"start":{"line":303,"column":70},"end":{"line":303,"column":null}},"91":{"start":{"line":304,"column":59},"end":{"line":304,"column":86}}},"fnMap":{"0":{"name":"AttributesSection","decl":{"start":{"line":28,"column":24},"end":{"line":28,"column":42}},"loc":{"start":{"line":36,"column":27},"end":{"line":338,"column":null}},"line":36},"1":{"name":"(anonymous_1)","decl":{"start":{"line":58,"column":31},"end":{"line":58,"column":37}},"loc":{"start":{"line":58,"column":37},"end":{"line":86,"column":5}},"line":58},"2":{"name":"(anonymous_2)","decl":{"start":{"line":65,"column":14},"end":{"line":65,"column":null}},"loc":{"start":{"line":66,"column":8},"end":{"line":68,"column":null}},"line":66},"3":{"name":"(anonymous_3)","decl":{"start":{"line":72,"column":14},"end":{"line":72,"column":null}},"loc":{"start":{"line":73,"column":8},"end":{"line":75,"column":null}},"line":73},"4":{"name":"(anonymous_4)","decl":{"start":{"line":80,"column":14},"end":{"line":80,"column":null}},"loc":{"start":{"line":81,"column":8},"end":{"line":82,"column":null}},"line":81},"5":{"name":"(anonymous_5)","decl":{"start":{"line":89,"column":12},"end":{"line":89,"column":18}},"loc":{"start":{"line":89,"column":18},"end":{"line":123,"column":5}},"line":89},"6":{"name":"(anonymous_6)","decl":{"start":{"line":97,"column":26},"end":{"line":97,"column":27}},"loc":{"start":{"line":97,"column":43},"end":{"line":118,"column":5}},"line":97},"7":{"name":"(anonymous_7)","decl":{"start":{"line":101,"column":22},"end":{"line":101,"column":28}},"loc":{"start":{"line":101,"column":28},"end":{"line":109,"column":null}},"line":101},"8":{"name":"(anonymous_8)","decl":{"start":{"line":102,"column":22},"end":{"line":102,"column":31}},"loc":{"start":{"line":102,"column":31},"end":{"line":102,"column":58}},"line":102},"9":{"name":"(anonymous_9)","decl":{"start":{"line":104,"column":45},"end":{"line":104,"column":51}},"loc":{"start":{"line":104,"column":51},"end":{"line":106,"column":11}},"line":104},"10":{"name":"(anonymous_10)","decl":{"start":{"line":105,"column":24},"end":{"line":105,"column":33}},"loc":{"start":{"line":105,"column":33},"end":{"line":105,"column":59}},"line":105},"11":{"name":"(anonymous_11)","decl":{"start":{"line":120,"column":11},"end":{"line":120,"column":17}},"loc":{"start":{"line":120,"column":17},"end":{"line":122,"column":null}},"line":120},"12":{"name":"(anonymous_12)","decl":{"start":{"line":121,"column":21},"end":{"line":121,"column":30}},"loc":{"start":{"line":121,"column":30},"end":{"line":121,"column":49}},"line":121},"13":{"name":"(anonymous_13)","decl":{"start":{"line":125,"column":20},"end":{"line":125,"column":21}},"loc":{"start":{"line":125,"column":52},"end":{"line":128,"column":null}},"line":125},"14":{"name":"(anonymous_14)","decl":{"start":{"line":130,"column":21},"end":{"line":130,"column":27}},"loc":{"start":{"line":130,"column":27},"end":{"line":133,"column":null}},"line":130},"15":{"name":"(anonymous_15)","decl":{"start":{"line":135,"column":30},"end":{"line":135,"column":36}},"loc":{"start":{"line":135,"column":36},"end":{"line":174,"column":null}},"line":135},"16":{"name":"(anonymous_16)","decl":{"start":{"line":165,"column":38},"end":{"line":165,"column":44}},"loc":{"start":{"line":165,"column":44},"end":{"line":173,"column":7}},"line":165},"17":{"name":"(anonymous_17)","decl":{"start":{"line":176,"column":20},"end":{"line":176,"column":26}},"loc":{"start":{"line":176,"column":26},"end":{"line":180,"column":null}},"line":176},"18":{"name":"(anonymous_18)","decl":{"start":{"line":182,"column":20},"end":{"line":182,"column":26}},"loc":{"start":{"line":182,"column":26},"end":{"line":186,"column":null}},"line":182},"19":{"name":"(anonymous_19)","decl":{"start":{"line":203,"column":63},"end":{"line":203,"column":69}},"loc":{"start":{"line":203,"column":69},"end":{"line":203,"column":null}},"line":203},"20":{"name":"(anonymous_20)","decl":{"start":{"line":207,"column":63},"end":{"line":207,"column":69}},"loc":{"start":{"line":207,"column":69},"end":{"line":207,"column":null}},"line":207},"21":{"name":"(anonymous_21)","decl":{"start":{"line":211,"column":60},"end":{"line":211,"column":66}},"loc":{"start":{"line":211,"column":66},"end":{"line":211,"column":null}},"line":211},"22":{"name":"(anonymous_22)","decl":{"start":{"line":218,"column":60},"end":{"line":218,"column":66}},"loc":{"start":{"line":218,"column":66},"end":{"line":218,"column":null}},"line":218},"23":{"name":"(anonymous_23)","decl":{"start":{"line":222,"column":60},"end":{"line":222,"column":66}},"loc":{"start":{"line":222,"column":66},"end":{"line":222,"column":null}},"line":222},"24":{"name":"(anonymous_24)","decl":{"start":{"line":229,"column":63},"end":{"line":229,"column":69}},"loc":{"start":{"line":229,"column":69},"end":{"line":229,"column":null}},"line":229},"25":{"name":"(anonymous_25)","decl":{"start":{"line":233,"column":59},"end":{"line":233,"column":65}},"loc":{"start":{"line":233,"column":65},"end":{"line":233,"column":null}},"line":233},"26":{"name":"(anonymous_26)","decl":{"start":{"line":237,"column":58},"end":{"line":237,"column":64}},"loc":{"start":{"line":237,"column":64},"end":{"line":237,"column":null}},"line":237},"27":{"name":"(anonymous_27)","decl":{"start":{"line":246,"column":73},"end":{"line":246,"column":74}},"loc":{"start":{"line":246,"column":80},"end":{"line":246,"column":null}},"line":246},"28":{"name":"(anonymous_28)","decl":{"start":{"line":270,"column":46},"end":{"line":270,"column":47}},"loc":{"start":{"line":271,"column":20},"end":{"line":276,"column":null}},"line":271},"29":{"name":"(anonymous_29)","decl":{"start":{"line":278,"column":47},"end":{"line":278,"column":48}},"loc":{"start":{"line":279,"column":20},"end":{"line":284,"column":null}},"line":279},"30":{"name":"(anonymous_30)","decl":{"start":{"line":286,"column":42},"end":{"line":286,"column":43}},"loc":{"start":{"line":287,"column":20},"end":{"line":292,"column":null}},"line":287},"31":{"name":"(anonymous_31)","decl":{"start":{"line":302,"column":48},"end":{"line":302,"column":54}},"loc":{"start":{"line":302,"column":54},"end":{"line":302,"column":null}},"line":302},"32":{"name":"(anonymous_32)","decl":{"start":{"line":303,"column":63},"end":{"line":303,"column":64}},"loc":{"start":{"line":303,"column":70},"end":{"line":303,"column":null}},"line":303},"33":{"name":"(anonymous_33)","decl":{"start":{"line":304,"column":53},"end":{"line":304,"column":59}},"loc":{"start":{"line":304,"column":59},"end":{"line":304,"column":86}},"line":304}},"branchMap":{"0":{"loc":{"start":{"line":59,"column":4},"end":{"line":59,"column":null}},"type":"if","locations":[{"start":{"line":59,"column":4},"end":{"line":59,"column":null}},{"start":{},"end":{}}],"line":59},"1":{"loc":{"start":{"line":66,"column":8},"end":{"line":68,"column":null}},"type":"binary-expr","locations":[{"start":{"line":66,"column":8},"end":{"line":66,"column":null}},{"start":{"line":67,"column":8},"end":{"line":67,"column":null}},{"start":{"line":68,"column":8},"end":{"line":68,"column":null}}],"line":66},"2":{"loc":{"start":{"line":73,"column":8},"end":{"line":75,"column":null}},"type":"binary-expr","locations":[{"start":{"line":73,"column":8},"end":{"line":73,"column":null}},{"start":{"line":74,"column":8},"end":{"line":74,"column":null}},{"start":{"line":75,"column":8},"end":{"line":75,"column":null}}],"line":73},"3":{"loc":{"start":{"line":81,"column":8},"end":{"line":82,"column":null}},"type":"binary-expr","locations":[{"start":{"line":81,"column":8},"end":{"line":81,"column":null}},{"start":{"line":82,"column":8},"end":{"line":82,"column":null}}],"line":81},"4":{"loc":{"start":{"line":136,"column":4},"end":{"line":136,"column":null}},"type":"if","locations":[{"start":{"line":136,"column":4},"end":{"line":136,"column":null}},{"start":{},"end":{}}],"line":136},"5":{"loc":{"start":{"line":148,"column":4},"end":{"line":151,"column":null}},"type":"if","locations":[{"start":{"line":148,"column":4},"end":{"line":151,"column":null}},{"start":{},"end":{}}],"line":148},"6":{"loc":{"start":{"line":148,"column":8},"end":{"line":148,"column":65}},"type":"binary-expr","locations":[{"start":{"line":148,"column":8},"end":{"line":148,"column":42}},{"start":{"line":148,"column":42},"end":{"line":148,"column":65}}],"line":148},"7":{"loc":{"start":{"line":154,"column":4},"end":{"line":157,"column":null}},"type":"if","locations":[{"start":{"line":154,"column":4},"end":{"line":157,"column":null}},{"start":{},"end":{}}],"line":154},"8":{"loc":{"start":{"line":154,"column":8},"end":{"line":154,"column":68}},"type":"binary-expr","locations":[{"start":{"line":154,"column":8},"end":{"line":154,"column":45}},{"start":{"line":154,"column":45},"end":{"line":154,"column":68}}],"line":154},"9":{"loc":{"start":{"line":169,"column":6},"end":{"line":172,"column":null}},"type":"if","locations":[{"start":{"line":169,"column":6},"end":{"line":172,"column":null}},{"start":{},"end":{}}],"line":169},"10":{"loc":{"start":{"line":177,"column":4},"end":{"line":179,"column":null}},"type":"if","locations":[{"start":{"line":177,"column":4},"end":{"line":179,"column":null}},{"start":{},"end":{}}],"line":177},"11":{"loc":{"start":{"line":183,"column":4},"end":{"line":185,"column":null}},"type":"if","locations":[{"start":{"line":183,"column":4},"end":{"line":185,"column":null}},{"start":{},"end":{}}],"line":183},"12":{"loc":{"start":{"line":204,"column":29},"end":{"line":204,"column":77}},"type":"cond-expr","locations":[{"start":{"line":204,"column":52},"end":{"line":204,"column":65}},{"start":{"line":204,"column":65},"end":{"line":204,"column":77}}],"line":204},"13":{"loc":{"start":{"line":205,"column":29},"end":{"line":205,"column":77}},"type":"cond-expr","locations":[{"start":{"line":205,"column":52},"end":{"line":205,"column":64}},{"start":{"line":205,"column":64},"end":{"line":205,"column":77}}],"line":205},"14":{"loc":{"start":{"line":208,"column":29},"end":{"line":208,"column":77}},"type":"cond-expr","locations":[{"start":{"line":208,"column":52},"end":{"line":208,"column":65}},{"start":{"line":208,"column":65},"end":{"line":208,"column":77}}],"line":208},"15":{"loc":{"start":{"line":209,"column":29},"end":{"line":209,"column":77}},"type":"cond-expr","locations":[{"start":{"line":209,"column":52},"end":{"line":209,"column":64}},{"start":{"line":209,"column":64},"end":{"line":209,"column":77}}],"line":209},"16":{"loc":{"start":{"line":212,"column":29},"end":{"line":212,"column":74}},"type":"cond-expr","locations":[{"start":{"line":212,"column":49},"end":{"line":212,"column":62}},{"start":{"line":212,"column":62},"end":{"line":212,"column":74}}],"line":212},"17":{"loc":{"start":{"line":213,"column":29},"end":{"line":213,"column":74}},"type":"cond-expr","locations":[{"start":{"line":213,"column":49},"end":{"line":213,"column":61}},{"start":{"line":213,"column":61},"end":{"line":213,"column":74}}],"line":213},"18":{"loc":{"start":{"line":219,"column":29},"end":{"line":219,"column":74}},"type":"cond-expr","locations":[{"start":{"line":219,"column":49},"end":{"line":219,"column":62}},{"start":{"line":219,"column":62},"end":{"line":219,"column":74}}],"line":219},"19":{"loc":{"start":{"line":220,"column":29},"end":{"line":220,"column":74}},"type":"cond-expr","locations":[{"start":{"line":220,"column":49},"end":{"line":220,"column":61}},{"start":{"line":220,"column":61},"end":{"line":220,"column":74}}],"line":220},"20":{"loc":{"start":{"line":223,"column":29},"end":{"line":223,"column":74}},"type":"cond-expr","locations":[{"start":{"line":223,"column":49},"end":{"line":223,"column":62}},{"start":{"line":223,"column":62},"end":{"line":223,"column":74}}],"line":223},"21":{"loc":{"start":{"line":224,"column":29},"end":{"line":224,"column":74}},"type":"cond-expr","locations":[{"start":{"line":224,"column":49},"end":{"line":224,"column":61}},{"start":{"line":224,"column":61},"end":{"line":224,"column":74}}],"line":224},"22":{"loc":{"start":{"line":230,"column":29},"end":{"line":230,"column":77}},"type":"cond-expr","locations":[{"start":{"line":230,"column":52},"end":{"line":230,"column":65}},{"start":{"line":230,"column":65},"end":{"line":230,"column":77}}],"line":230},"23":{"loc":{"start":{"line":231,"column":29},"end":{"line":231,"column":77}},"type":"cond-expr","locations":[{"start":{"line":231,"column":52},"end":{"line":231,"column":64}},{"start":{"line":231,"column":64},"end":{"line":231,"column":77}}],"line":231},"24":{"loc":{"start":{"line":234,"column":29},"end":{"line":234,"column":73}},"type":"cond-expr","locations":[{"start":{"line":234,"column":48},"end":{"line":234,"column":61}},{"start":{"line":234,"column":61},"end":{"line":234,"column":73}}],"line":234},"25":{"loc":{"start":{"line":235,"column":29},"end":{"line":235,"column":73}},"type":"cond-expr","locations":[{"start":{"line":235,"column":48},"end":{"line":235,"column":60}},{"start":{"line":235,"column":60},"end":{"line":235,"column":73}}],"line":235},"26":{"loc":{"start":{"line":238,"column":29},"end":{"line":238,"column":72}},"type":"cond-expr","locations":[{"start":{"line":238,"column":47},"end":{"line":238,"column":60}},{"start":{"line":238,"column":60},"end":{"line":238,"column":72}}],"line":238},"27":{"loc":{"start":{"line":239,"column":29},"end":{"line":239,"column":72}},"type":"cond-expr","locations":[{"start":{"line":239,"column":47},"end":{"line":239,"column":59}},{"start":{"line":239,"column":59},"end":{"line":239,"column":72}}],"line":239},"28":{"loc":{"start":{"line":244,"column":7},"end":{"line":298,"column":null}},"type":"binary-expr","locations":[{"start":{"line":244,"column":7},"end":{"line":244,"column":20}},{"start":{"line":244,"column":20},"end":{"line":244,"column":null}},{"start":{"line":245,"column":8},"end":{"line":298,"column":null}}],"line":244},"29":{"loc":{"start":{"line":256,"column":12},"end":{"line":263,"column":null}},"type":"binary-expr","locations":[{"start":{"line":258,"column":14},"end":{"line":258,"column":51}},{"start":{"line":258,"column":51},"end":{"line":258,"column":88}},{"start":{"line":258,"column":88},"end":{"line":258,"column":null}},{"start":{"line":259,"column":14},"end":{"line":263,"column":null}}],"line":256},"30":{"loc":{"start":{"line":263,"column":14},"end":{"line":295,"column":null}},"type":"binary-expr","locations":[{"start":{"line":266,"column":14},"end":{"line":266,"column":51}},{"start":{"line":266,"column":51},"end":{"line":266,"column":89}},{"start":{"line":266,"column":89},"end":{"line":266,"column":null}},{"start":{"line":267,"column":14},"end":{"line":295,"column":null}}],"line":263},"31":{"loc":{"start":{"line":301,"column":7},"end":{"line":334,"column":null}},"type":"binary-expr","locations":[{"start":{"line":301,"column":7},"end":{"line":301,"column":26}},{"start":{"line":301,"column":26},"end":{"line":301,"column":null}},{"start":{"line":302,"column":8},"end":{"line":334,"column":null}}],"line":301},"32":{"loc":{"start":{"line":317,"column":15},"end":{"line":323,"column":null}},"type":"binary-expr","locations":[{"start":{"line":317,"column":15},"end":{"line":317,"column":null}},{"start":{"line":318,"column":16},"end":{"line":323,"column":null}}],"line":317},"33":{"loc":{"start":{"line":320,"column":21},"end":{"line":320,"column":null}},"type":"cond-expr","locations":[{"start":{"line":320,"column":49},"end":{"line":320,"column":69}},{"start":{"line":320,"column":69},"end":{"line":320,"column":null}}],"line":320}},"s":{"0":10,"1":10,"2":10,"3":10,"4":10,"5":10,"6":10,"7":10,"8":10,"9":10,"10":10,"11":10,"12":0,"13":0,"14":0,"15":0,"16":0,"17":0,"18":0,"19":0,"20":10,"21":10,"22":10,"23":10,"24":80,"25":80,"26":0,"27":0,"28":0,"29":0,"30":0,"31":0,"32":80,"33":80,"34":80,"35":80,"36":10,"37":10,"38":160,"39":10,"40":0,"41":0,"42":10,"43":0,"44":0,"45":10,"46":0,"47":0,"48":0,"49":0,"50":0,"51":0,"52":0,"53":0,"54":0,"55":0,"56":0,"57":0,"58":0,"59":0,"60":0,"61":0,"62":0,"63":0,"64":0,"65":0,"66":0,"67":0,"68":0,"69":10,"70":0,"71":0,"72":10,"73":0,"74":0,"75":10,"76":10,"77":0,"78":0,"79":0,"80":0,"81":0,"82":0,"83":0,"84":0,"85":0,"86":0,"87":0,"88":0,"89":0,"90":0,"91":0},"f":{"0":10,"1":10,"2":0,"3":0,"4":0,"5":10,"6":80,"7":0,"8":0,"9":0,"10":0,"11":10,"12":160,"13":0,"14":0,"15":0,"16":0,"17":0,"18":0,"19":0,"20":0,"21":0,"22":0,"23":0,"24":0,"25":0,"26":0,"27":0,"28":0,"29":0,"30":0,"31":0,"32":0,"33":0},"b":{"0":[10,0],"1":[0,0,0],"2":[0,0,0],"3":[0,0],"4":[0,0],"5":[0,0],"6":[0,0],"7":[0,0],"8":[0,0],"9":[0,0],"10":[0,0],"11":[0,0],"12":[0,10],"13":[0,10],"14":[0,10],"15":[0,10],"16":[0,10],"17":[0,10],"18":[0,10],"19":[0,10],"20":[0,10],"21":[0,10],"22":[0,10],"23":[0,10],"24":[0,10],"25":[0,10],"26":[0,10],"27":[0,10],"28":[10,0,0],"29":[0,0,0,0],"30":[0,0,0,0],"31":[10,0,0],"32":[0,0],"33":[0,0]},"meta":{"lastBranch":34,"lastFunction":34,"lastStatement":92,"seen":{"f:28:24:28:42":0,"s:37:32:37:Infinity":0,"s:38:44:38:Infinity":1,"s:39:40:39:Infinity":2,"s:40:44:40:Infinity":3,"s:41:28:41:Infinity":4,"s:42:48:42:Infinity":5,"s:43:34:52:Infinity":6,"s:54:38:54:Infinity":7,"s:55:31:55:Infinity":8,"s:58:8:86:Infinity":9,"f:58:31:58:37":1,"b:59:4:59:Infinity:undefined:undefined:undefined:undefined":0,"s:59:4:59:Infinity":10,"s:59:28:59:Infinity":11,"s:61:26:61:Infinity":12,"s:64:22:69:Infinity":13,"f:65:14:65:Infinity":2,"s:66:8:68:Infinity":14,"b:66:8:66:Infinity:67:8:67:Infinity:68:8:68:Infinity":1,"s:71:23:76:Infinity":15,"f:72:14:72:Infinity":3,"s:73:8:75:Infinity":16,"b:73:8:73:Infinity:74:8:74:Infinity:75:8:75:Infinity":2,"s:79:18:83:Infinity":17,"f:80:14:80:Infinity":4,"s:81:8:82:Infinity":18,"b:81:8:81:Infinity:82:8:82:Infinity":3,"s:85:4:85:Infinity":19,"s:89:2:123:Infinity":20,"f:89:12:89:18":5,"s:90:48:93:Infinity":21,"s:95:29:95:Infinity":22,"s:97:4:118:Infinity":23,"f:97:26:97:27":6,"s:99:21:99:Infinity":24,"s:101:22:109:Infinity":25,"f:101:22:101:28":7,"s:102:8:102:Infinity":26,"f:102:22:102:31":8,"s:102:31:102:58":27,"s:104:27:106:Infinity":28,"f:104:45:104:51":9,"s:105:10:105:Infinity":29,"f:105:24:105:33":10,"s:105:33:105:59":30,"s:108:8:108:Infinity":31,"s:112:27:112:Infinity":32,"s:113:6:113:Infinity":33,"s:116:28:116:Infinity":34,"s:117:6:117:Infinity":35,"s:120:4:122:Infinity":36,"f:120:11:120:17":11,"s:121:6:121:Infinity":37,"f:121:21:121:30":12,"s:121:30:121:49":38,"s:125:20:128:Infinity":39,"f:125:20:125:21":13,"s:126:4:126:Infinity":40,"s:127:4:127:Infinity":41,"s:130:21:133:Infinity":42,"f:130:21:130:27":14,"s:131:4:131:Infinity":43,"s:132:4:132:Infinity":44,"s:135:30:174:Infinity":45,"f:135:30:135:36":15,"b:136:4:136:Infinity:undefined:undefined:undefined:undefined":4,"s:136:4:136:Infinity":46,"s:136:28:136:Infinity":47,"s:139:21:139:Infinity":48,"s:140:4:140:Infinity":49,"s:141:4:141:Infinity":50,"s:144:17:144:Infinity":51,"s:145:75:145:Infinity":52,"b:148:4:151:Infinity:undefined:undefined:undefined:undefined":5,"s:148:4:151:Infinity":53,"b:148:8:148:42:148:42:148:65":6,"s:149:6:149:Infinity":54,"s:150:6:150:Infinity":55,"b:154:4:157:Infinity:undefined:undefined:undefined:undefined":7,"s:154:4:157:Infinity":56,"b:154:8:154:45:154:45:154:68":8,"s:155:6:155:Infinity":57,"s:156:6:156:Infinity":58,"s:159:4:159:Infinity":59,"s:160:4:160:Infinity":60,"s:163:21:163:Infinity":61,"s:164:22:164:Infinity":62,"s:165:26:173:Infinity":63,"f:165:38:165:44":16,"s:166:6:166:Infinity":64,"s:167:6:167:Infinity":65,"b:169:6:172:Infinity:undefined:undefined:undefined:undefined":9,"s:169:6:172:Infinity":66,"s:170:8:170:Infinity":67,"s:171:8:171:Infinity":68,"s:176:20:180:Infinity":69,"f:176:20:176:26":17,"b:177:4:179:Infinity:undefined:undefined:undefined:undefined":10,"s:177:4:179:Infinity":70,"s:178:6:178:Infinity":71,"s:182:20:186:Infinity":72,"f:182:20:182:26":18,"b:183:4:185:Infinity:undefined:undefined:undefined:undefined":11,"s:183:4:185:Infinity":73,"s:184:6:184:Infinity":74,"s:188:60:197:Infinity":75,"s:199:2:336:Infinity":76,"f:203:63:203:69":19,"s:203:69:203:Infinity":77,"b:204:52:204:65:204:65:204:77":12,"b:205:52:205:64:205:64:205:77":13,"f:207:63:207:69":20,"s:207:69:207:Infinity":78,"b:208:52:208:65:208:65:208:77":14,"b:209:52:209:64:209:64:209:77":15,"f:211:60:211:66":21,"s:211:66:211:Infinity":79,"b:212:49:212:62:212:62:212:74":16,"b:213:49:213:61:213:61:213:74":17,"f:218:60:218:66":22,"s:218:66:218:Infinity":80,"b:219:49:219:62:219:62:219:74":18,"b:220:49:220:61:220:61:220:74":19,"f:222:60:222:66":23,"s:222:66:222:Infinity":81,"b:223:49:223:62:223:62:223:74":20,"b:224:49:224:61:224:61:224:74":21,"f:229:63:229:69":24,"s:229:69:229:Infinity":82,"b:230:52:230:65:230:65:230:77":22,"b:231:52:231:64:231:64:231:77":23,"f:233:59:233:65":25,"s:233:65:233:Infinity":83,"b:234:48:234:61:234:61:234:73":24,"b:235:48:235:60:235:60:235:73":25,"f:237:58:237:64":26,"s:237:64:237:Infinity":84,"b:238:47:238:60:238:60:238:72":26,"b:239:47:239:59:239:59:239:72":27,"b:244:7:244:20:244:20:244:Infinity:245:8:298:Infinity":28,"f:246:73:246:74":27,"s:246:80:246:Infinity":85,"b:258:14:258:51:258:51:258:88:258:88:258:Infinity:259:14:263:Infinity":29,"b:266:14:266:51:266:51:266:89:266:89:266:Infinity:267:14:295:Infinity":30,"f:270:46:270:47":28,"s:271:20:276:Infinity":86,"f:278:47:278:48":29,"s:279:20:284:Infinity":87,"f:286:42:286:43":30,"s:287:20:292:Infinity":88,"b:301:7:301:26:301:26:301:Infinity:302:8:334:Infinity":31,"f:302:48:302:54":31,"s:302:54:302:Infinity":89,"f:303:63:303:64":32,"s:303:70:303:Infinity":90,"f:304:53:304:59":33,"s:304:59:304:86":91,"b:317:15:317:Infinity:318:16:323:Infinity":32,"b:320:49:320:69:320:69:320:Inf
[...]
"loc":{"start":{"line":30,"column":4},"end":{"line":33,"column":null}},"type":"if","locations":[{"start":{"line":30,"column":4},"end":{"line":33,"column":null}},{"start":{},"end":{}}],"line":30},"1":{"loc":{"start":{"line":30,"column":8},"end":{"line":30,"column":47}},"type":"binary-expr","locations":[{"start":{"line":30,"column":8},"end":{"line":30,"column":20}},{"start":{"line":30,"column":20},"end":{"line":30,"column":47}}],"line":30},"2":{"loc":{"start":{"line":43,"column":46},"end":{"line":43,"column":94}},"type":"cond-expr","locations":[{"start":{"line":43,"column":78},"end":{"line":43,"column":92}},{"start":{"line":43,"column":92},"end":{"line":43,"column":94}}],"line":43},"3":{"loc":{"start":{"line":43,"column":46},"end":{"line":43,"column":78}},"type":"binary-expr","locations":[{"start":{"line":43,"column":46},"end":{"line":43,"column":59}},{"start":{"line":43,"column":59},"end":{"line":43,"column":78}}],"line":43},"4":{"loc":{"start":{"line":49,"column":11},"end":{"line":50,"column":null}},"type":"binary-expr","locations":[{"start":{"line":49,"column":11},"end":{"line":49,"column":null}},{"start":{"line":50,"column":12},"end":{"line":50,"column":null}}],"line":49},"5":{"loc":{"start":{"line":52,"column":11},"end":{"line":53,"column":null}},"type":"binary-expr","locations":[{"start":{"line":52,"column":11},"end":{"line":52,"column":24}},{"start":{"line":52,"column":24},"end":{"line":52,"column":null}},{"start":{"line":53,"column":12},"end":{"line":53,"column":null}}],"line":52},"6":{"loc":{"start":{"line":55,"column":11},"end":{"line":58,"column":null}},"type":"binary-expr","locations":[{"start":{"line":55,"column":11},"end":{"line":55,"column":24}},{"start":{"line":55,"column":24},"end":{"line":55,"column":null}},{"start":{"line":56,"column":12},"end":{"line":58,"column":null}}],"line":55},"7":{"loc":{"start":{"line":56,"column":57},"end":{"line":56,"column":95}},"type":"cond-expr","locations":[{"start":{"line":56,"column":76},"end":{"line":56,"column":93}},{"start":{"line":56,"column":93},"end":{"line":56,"column":95}}],"line":56},"8":{"loc":{"start":{"line":60,"column":42},"end":{"line":60,"column":68}},"type":"cond-expr","locations":[{"start":{"line":60,"column":53},"end":{"line":60,"column":66}},{"start":{"line":60,"column":66},"end":{"line":60,"column":68}}],"line":60},"9":{"loc":{"start":{"line":63,"column":9},"end":{"line":73,"column":null}},"type":"binary-expr","locations":[{"start":{"line":63,"column":9},"end":{"line":63,"column":22}},{"start":{"line":63,"column":22},"end":{"line":63,"column":null}},{"start":{"line":64,"column":10},"end":{"line":73,"column":null}}],"line":63},"10":{"loc":{"start":{"line":77,"column":7},"end":{"line":179,"column":null}},"type":"binary-expr","locations":[{"start":{"line":77,"column":7},"end":{"line":77,"column":null}},{"start":{"line":78,"column":8},"end":{"line":179,"column":null}}],"line":77},"11":{"loc":{"start":{"line":91,"column":16},"end":{"line":93,"column":null}},"type":"if","locations":[{"start":{"line":91,"column":16},"end":{"line":93,"column":null}},{"start":{},"end":{}}],"line":91},"12":{"loc":{"start":{"line":161,"column":11},"end":{"line":177,"column":null}},"type":"binary-expr","locations":[{"start":{"line":161,"column":11},"end":{"line":161,"column":null}},{"start":{"line":162,"column":12},"end":{"line":177,"column":null}}],"line":161}},"s":{"0":10,"1":10,"2":10,"3":10,"4":10,"5":1600,"6":10,"7":10,"8":480,"9":10,"10":0,"11":0,"12":0,"13":10,"14":0,"15":0,"16":10,"17":0,"18":0,"19":1,"20":0,"21":0,"22":0,"23":0,"24":0,"25":0,"26":0,"27":0,"28":0,"29":0},"f":{"0":10,"1":10,"2":1600,"3":10,"4":480,"5":0,"6":0,"7":0,"8":0,"9":0,"10":1,"11":0,"12":0,"13":0,"14":0,"15":0,"16":0,"17":0,"18":0},"b":{"0":[0,0],"1":[0,0],"2":[1,9],"3":[10,10],"4":[10,0],"5":[10,10,9],"6":[10,10,1],"7":[1,0],"8":[0,10],"9":[10,10,1],"10":[10,0],"11":[0,0],"12":[0,0]},"meta":{"lastBranch":13,"lastFunction":19,"lastStatement":30,"seen":{"f:13:24:13:39":0,"s:14:30:14:Infinity":0,"s:15:36:15:Infinity":1,"s:17:37:17:Infinity":2,"s:20:8:22:Infinity":3,"f:20:34:20:40":1,"s:21:4:21:Infinity":4,"f:21:35:21:45":2,"s:21:45:21:73":5,"s:25:8:27:Infinity":6,"f:25:34:25:40":3,"s:26:4:26:Infinity":7,"f:26:34:26:44":4,"s:26:44:26:72":8,"s:29:24:34:Infinity":9,"f:29:24:29:25":5,"b:30:4:33:Infinity:undefined:undefined:undefined:undefined":0,"s:30:4:33:Infinity":10,"b:30:8:30:20:30:20:30:47":1,"s:31:6:31:Infinity":11,"s:32:6:32:Infinity":12,"s:36:27:38:Infinity":13,"f:36:27:36:28":6,"s:37:4:37:Infinity":14,"f:37:31:37:39":7,"s:37:39:37:56":15,"s:40:2:181:Infinity":16,"b:43:78:43:92:43:92:43:94":2,"b:43:46:43:59:43:59:43:78":3,"f:47:19:47:25":8,"s:47:25:47:Infinity":17,"b:49:11:49:Infinity:50:12:50:Infinity":4,"b:52:11:52:24:52:24:52:Infinity:53:12:53:Infinity":5,"b:55:11:55:24:55:24:55:Infinity:56:12:58:Infinity":6,"b:56:76:56:93:56:93:56:95":7,"b:60:53:60:66:60:66:60:68":8,"b:63:9:63:22:63:22:63:Infinity:64:10:73:Infinity":9,"f:66:21:66:27":9,"s:66:27:66:Infinity":18,"f:68:32:68:33":10,"s:69:14:71:Infinity":19,"b:77:7:77:Infinity:78:8:179:Infinity":10,"f:84:43:84:51":11,"s:84:51:84:60":20,"f:87:29:87:30":12,"s:87:46:87:Infinity":21,"f:88:24:88:25":13,"s:88:41:88:Infinity":22,"f:89:29:89:30":14,"b:91:16:93:Infinity:undefined:undefined:undefined:undefined":11,"s:91:16:93:Infinity":23,"s:92:18:92:Infinity":24,"s:94:16:96:Infinity":25,"f:94:38:94:Infinity":15,"s:95:18:95:Infinity":26,"f:100:27:100:28":16,"s:101:16:126:Infinity":27,"b:161:11:161:Infinity:162:12:177:Infinity":12,"f:163:25:163:26":17,"s:164:16:175:Infinity":28,"f:170:29:170:35":18,"s:170:35:170:Infinity":29}}}
,"/Users/bblue/Dev/arkham-gamebook/src/components/WeaknessesSection.tsx": {"path":"/Users/bblue/Dev/arkham-gamebook/src/components/WeaknessesSection.tsx","statementMap":{"0":{"start":{"line":12,"column":30},"end":{"line":12,"column":null}},"1":{"start":{"line":13,"column":36},"end":{"line":13,"column":null}},"2":{"start":{"line":15,"column":40},"end":{"line":15,"column":null}},"3":{"start":{"line":18,"column":8},"end":{"line":22,"column":null}},"4":{"start":{"line":19,"column":4},"end":{"line":21,"column":null}},"5":{"start":{"line":20,"column":6},"end":{"line":20,"column":null}},"6":{"start":{"line":24,"column":24},"end":{"line":29,"column":null}},"7":{"start":{"line":25,"column":4},"end":{"line":28,"column":null}},"8":{"start":{"line":26,"column":6},"end":{"line":26,"column":null}},"9":{"start":{"line":27,"column":6},"end":{"line":27,"column":null}},"10":{"start":{"line":31,"column":27},"end":{"line":33,"column":null}},"11":{"start":{"line":32,"column":4},"end":{"line":32,"column":null}},"12":{"start":{"line":32,"column":39},"end":{"line":32,"column":56}},"13":{"start":{"line":35,"column":2},"end":{"line":188,"column":null}},"14":{"start":{"line":42,"column":25},"end":{"line":42,"column":null}},"15":{"start":{"line":53,"column":50},"end":{"line":53,"column":75}},"16":{"start":{"line":55,"column":54},"end":{"line":55,"column":79}},"17":{"start":{"line":66,"column":27},"end":{"line":66,"column":null}},"18":{"start":{"line":69,"column":31},"end":{"line":69,"column":null}},"19":{"start":{"line":69,"column":66},"end":{"line":69,"column":91}},"20":{"start":{"line":70,"column":14},"end":{"line":76,"column":null}},"21":{"start":{"line":86,"column":49},"end":{"line":86,"column":58}},"22":{"start":{"line":89,"column":44},"end":{"line":89,"column":null}},"23":{"start":{"line":90,"column":39},"end":{"line":90,"column":null}},"24":{"start":{"line":93,"column":14},"end":{"line":95,"column":null}},"25":{"start":{"line":94,"column":16},"end":{"line":94,"column":null}},"26":{"start":{"line":96,"column":14},"end":{"line":98,"column":null}},"27":{"start":{"line":97,"column":16},"end":{"line":97,"column":null}},"28":{"start":{"line":103,"column":14},"end":{"line":128,"column":null}},"29":{"start":{"line":165,"column":33},"end":{"line":165,"column":null}},"30":{"start":{"line":165,"column":68},"end":{"line":165,"column":93}},"31":{"start":{"line":166,"column":16},"end":{"line":181,"column":null}},"32":{"start":{"line":176,"column":37},"end":{"line":176,"column":null}}},"fnMap":{"0":{"name":"WeaknessesSection","decl":{"start":{"line":11,"column":24},"end":{"line":11,"column":42}},"loc":{"start":{"line":11,"column":87},"end":{"line":190,"column":null}},"line":11},"1":{"name":"(anonymous_1)","decl":{"start":{"line":18,"column":34},"end":{"line":18,"column":40}},"loc":{"start":{"line":18,"column":40},"end":{"line":22,"column":5}},"line":18},"2":{"name":"(anonymous_2)","decl":{"start":{"line":19,"column":37},"end":{"line":19,"column":null}},"loc":{"start":{"line":20,"column":6},"end":{"line":20,"column":null}},"line":20},"3":{"name":"(anonymous_3)","decl":{"start":{"line":24,"column":24},"end":{"line":24,"column":25}},"loc":{"start":{"line":24,"column":53},"end":{"line":29,"column":null}},"line":24},"4":{"name":"(anonymous_4)","decl":{"start":{"line":31,"column":27},"end":{"line":31,"column":28}},"loc":{"start":{"line":31,"column":49},"end":{"line":33,"column":null}},"line":31},"5":{"name":"(anonymous_5)","decl":{"start":{"line":32,"column":31},"end":{"line":32,"column":39}},"loc":{"start":{"line":32,"column":39},"end":{"line":32,"column":56}},"line":32},"6":{"name":"(anonymous_6)","decl":{"start":{"line":42,"column":19},"end":{"line":42,"column":25}},"loc":{"start":{"line":42,"column":25},"end":{"line":42,"column":null}},"line":42},"7":{"name":"(anonymous_7)","decl":{"start":{"line":53,"column":39},"end":{"line":53,"column":50}},"loc":{"start":{"line":53,"column":50},"end":{"line":53,"column":75}},"line":53},"8":{"name":"(anonymous_8)","decl":{"start":{"line":55,"column":43},"end":{"line":55,"column":54}},"loc":{"start":{"line":55,"column":54},"end":{"line":55,"column":79}},"line":55},"9":{"name":"(anonymous_9)","decl":{"start":{"line":66,"column":21},"end":{"line":66,"column":27}},"loc":{"start":{"line":66,"column":27},"end":{"line":66,"column":null}},"line":66},"10":{"name":"(anonymous_10)","decl":{"start":{"line":68,"column":32},"end":{"line":68,"column":33}},"loc":{"start":{"line":68,"column":53},"end":{"line":78,"column":13}},"line":68},"11":{"name":"(anonymous_11)","decl":{"start":{"line":69,"column":55},"end":{"line":69,"column":66}},"loc":{"start":{"line":69,"column":66},"end":{"line":69,"column":91}},"line":69},"12":{"name":"(anonymous_12)","decl":{"start":{"line":86,"column":41},"end":{"line":86,"column":49}},"loc":{"start":{"line":86,"column":49},"end":{"line":86,"column":58}},"line":86},"13":{"name":"(anonymous_13)","decl":{"start":{"line":89,"column":27},"end":{"line":89,"column":28}},"loc":{"start":{"line":89,"column":44},"end":{"line":89,"column":null}},"line":89},"14":{"name":"(anonymous_14)","decl":{"start":{"line":90,"column":22},"end":{"line":90,"column":23}},"loc":{"start":{"line":90,"column":39},"end":{"line":90,"column":null}},"line":90},"15":{"name":"(anonymous_15)","decl":{"start":{"line":91,"column":27},"end":{"line":91,"column":28}},"loc":{"start":{"line":91,"column":47},"end":{"line":99,"column":null}},"line":91},"16":{"name":"(anonymous_16)","decl":{"start":{"line":96,"column":36},"end":{"line":96,"column":null}},"loc":{"start":{"line":97,"column":16},"end":{"line":97,"column":null}},"line":97},"17":{"name":"(anonymous_17)","decl":{"start":{"line":102,"column":25},"end":{"line":102,"column":26}},"loc":{"start":{"line":103,"column":14},"end":{"line":128,"column":null}},"line":103},"18":{"name":"(anonymous_18)","decl":{"start":{"line":164,"column":25},"end":{"line":164,"column":26}},"loc":{"start":{"line":164,"column":46},"end":{"line":183,"column":15}},"line":164},"19":{"name":"(anonymous_19)","decl":{"start":{"line":165,"column":57},"end":{"line":165,"column":68}},"loc":{"start":{"line":165,"column":68},"end":{"line":165,"column":93}},"line":165},"20":{"name":"(anonymous_20)","decl":{"start":{"line":176,"column":31},"end":{"line":176,"column":37}},"loc":{"start":{"line":176,"column":37},"end":{"line":176,"column":null}},"line":176}},"branchMap":{"0":{"loc":{"start":{"line":20,"column":6},"end":{"line":20,"column":null}},"type":"binary-expr","locations":[{"start":{"line":20,"column":6},"end":{"line":20,"column":37}},{"start":{"line":20,"column":37},"end":{"line":20,"column":null}}],"line":20},"1":{"loc":{"start":{"line":25,"column":4},"end":{"line":28,"column":null}},"type":"if","locations":[{"start":{"line":25,"column":4},"end":{"line":28,"column":null}},{"start":{},"end":{}}],"line":25},"2":{"loc":{"start":{"line":25,"column":8},"end":{"line":25,"column":47}},"type":"binary-expr","locations":[{"start":{"line":25,"column":8},"end":{"line":25,"column":20}},{"start":{"line":25,"column":20},"end":{"line":25,"column":47}}],"line":25},"3":{"loc":{"start":{"line":38,"column":46},"end":{"line":38,"column":94}},"type":"cond-expr","locations":[{"start":{"line":38,"column":78},"end":{"line":38,"column":92}},{"start":{"line":38,"column":92},"end":{"line":38,"column":94}}],"line":38},"4":{"loc":{"start":{"line":38,"column":46},"end":{"line":38,"column":78}},"type":"binary-expr","locations":[{"start":{"line":38,"column":46},"end":{"line":38,"column":59}},{"start":{"line":38,"column":59},"end":{"line":38,"column":78}}],"line":38},"5":{"loc":{"start":{"line":44,"column":11},"end":{"line":45,"column":null}},"type":"binary-expr","locations":[{"start":{"line":44,"column":11},"end":{"line":44,"column":null}},{"start":{"line":45,"column":12},"end":{"line":45,"column":null}}],"line":44},"6":{"loc":{"start":{"line":47,"column":11},"end":{"line":48,"column":null}},"type":"binary-expr","locations":[{"start":{"line":47,"column":11},"end":{"line":47,"column":24}},{"start":{"line":47,"column":24},"end":{"line":47,"column":null}},{"start":{"line":48,"column":12},"end":{"line":48,"column":null}}],"line":47},"7":{"loc":{"start":{"line":50,"column":11},"end":{"line":58,"column":null}},"type":"binary-expr","locations":[{"start":{"line":50,"column":11},"end":{"line":50,"column":24}},{"start":{"line":50,"column":24},"end":{"line":50,"column":null}},{"start":{"line":51,"column":12},"end":{"line":58,"column":null}}],"line":50},"8":{"loc":{"start":{"line":51,"column":57},"end":{"line":51,"column":95}},"type":"cond-expr","locations":[{"start":{"line":51,"column":76},"end":{"line":51,"column":93}},{"start":{"line":51,"column":93},"end":{"line":51,"column":95}}],"line":51},"9":{"loc":{"start":{"line":53,"column":15},"end":{"line":56,"column":null}},"type":"binary-expr","locations":[{"start":{"line":53,"column":15},"end":{"line":53,"column":null}},{"start":{"line":54,"column":16},"end":{"line":56,"column":null}}],"line":53},"10":{"loc":{"start":{"line":60,"column":42},"end":{"line":60,"column":68}},"type":"cond-expr","locations":[{"start":{"line":60,"column":53},"end":{"line":60,"column":66}},{"start":{"line":60,"column":66},"end":{"line":60,"column":68}}],"line":60},"11":{"loc":{"start":{"line":63,"column":9},"end":{"line":79,"column":null}},"type":"binary-expr","locations":[{"start":{"line":63,"column":9},"end":{"line":63,"column":22}},{"start":{"line":63,"column":22},"end":{"line":63,"column":null}},{"start":{"line":64,"column":10},"end":{"line":79,"column":null}}],"line":63},"12":{"loc":{"start":{"line":73,"column":19},"end":{"line":74,"column":null}},"type":"binary-expr","locations":[{"start":{"line":73,"column":19},"end":{"line":73,"column":null}},{"start":{"line":74,"column":20},"end":{"line":74,"column":null}}],"line":73},"13":{"loc":{"start":{"line":83,"column":7},"end":{"line":186,"column":null}},"type":"binary-expr","locations":[{"start":{"line":83,"column":7},"end":{"line":83,"column":null}},{"start":{"line":84,"column":8},"end":{"line":186,"column":null}}],"line":83},"14":{"loc":{"start":{"line":93,"column":14},"end":{"line":95,"column":null}},"type":"if","locations":[{"start":{"line":93,"column":14},"end":{"line":95,"column":null}},{"start":{},"end":{}}],"line":93},"15":{"loc":{"start":{"line":162,"column":11},"end":{"line":184,"column":null}},"type":"binary-expr","locations":[{"start":{"line":162,"column":11},"end":{"line":162,"column":null}},{"start":{"line":163,"column":12},"end":{"line":184,"column":null}}],"line":162},"16":{"loc":{"start":{"line":170,"column":23},"end":{"line":171,"column":null}},"type":"binary-expr","locations":[{"start":{"line":170,"column":23},"end":{"line":170,"column":null}},{"start":{"line":171,"column":24},"end":{"line":171,"column":null}}],"line":170}},"s":{"0":10,"1":10,"2":10,"3":10,"4":10,"5":590,"6":10,"7":0,"8":0,"9":0,"10":10,"11":0,"12":0,"13":10,"14":0,"15":172,"16":0,"17":0,"18":0,"19":0,"20":0,"21":0,"22":0,"23":0,"24":0,"25":0,"26":0,"27":0,"28":0,"29":0,"30":0,"31":0,"32":0},"f":{"0":10,"1":10,"2":590,"3":0,"4":0,"5":0,"6":0,"7":172,"8":0,"9":0,"10":0,"11":0,"12":0,"13":0,"14":0,"15":0,"16":0,"17":0,"18":0,"19":0,"20":0},"b":{"0":[590,250],"1":[0,0],"2":[0,0],"3":[4,6],"4":[10,10],"5":[10,0],"6":[10,10,6],"7":[10,10,4],"8":[0,4],"9":[4,0],"10":[0,10],"11":[10,10,0],"12":[0,0],"13":[10,0],"14":[0,0],"15":[0,0],"16":[0,0]},"meta":{"lastBranch":17,"lastFunction":21,"lastStatement":33,"seen":{"f:11:24:11:42":0,"s:12:30:12:Infinity":0,"s:13:36:13:Infinity":1,"s:15:40:15:Infinity":2,"s:18:8:22:Infinity":3,"f:18:34:18:40":1,"s:19:4:21:Infinity":4,"f:19:37:19:Infinity":2,"s:20:6:20:Infinity":5,"b:20:6:20:37:20:37:20:Infinity":0,"s:24:24:29:Infinity":6,"f:24:24:24:25":3,"b:25:4:28:Infinity:undefined:undefined:undefined:undefined":1,"s:25:4:28:Infinity":7,"b:25:8:25:20:25:20:25:47":2,"s:26:6:26:Infinity":8,"s:27:6:27:Infinity":9,"s:31:27:33:Infinity":10,"f:31:27:31:28":4,"s:32:4:32:Infinity":11,"f:32:31:32:39":5,"s:32:39:32:56":12,"s:35:2:188:Infinity":13,"b:38:78:38:92:38:92:38:94":3,"b:38:46:38:59:38:59:38:78":4,"f:42:19:42:25":6,"s:42:25:42:Infinity":14,"b:44:11:44:Infinity:45:12:45:Infinity":5,"b:47:11:47:24:47:24:47:Infinity:48:12:48:Infinity":6,"b:50:11:50:24:50:24:50:Infinity:51:12:58:Infinity":7,"b:51:76:51:93:51:93:51:95":8,"b:53:15:53:Infinity:54:16:56:Infinity":9,"f:53:39:53:50":7,"s:53:50:53:75":15,"f:55:43:55:54":8,"s:55:54:55:79":16,"b:60:53:60:66:60:66:60:68":10,"b:63:9:63:22:63:22:63:Infinity:64:10:79:Infinity":11,"f:66:21:66:27":9,"s:66:27:66:Infinity":17,"f:68:32:68:33":10,"s:69:31:69:Infinity":18,"f:69:55:69:66":11,"s:69:66:69:91":19,"s:70:14:76:Infinity":20,"b:73:19:73:Infinity:74:20:74:Infinity":12,"b:83:7:83:Infinity:84:8:186:Infinity":13,"f:86:41:86:49":12,"s:86:49:86:58":21,"f:89:27:89:28":13,"s:89:44:89:Infinity":22,"f:90:22:90:23":14,"s:90:39:90:Infinity":23,"f:91:27:91:28":15,"b:93:14:95:Infinity:undefined:undefined:undefined:undefined":14,"s:93:14:95:Infinity":24,"s:94:16:94:Infinity":25,"s:96:14:98:Infinity":26,"f:96:36:96:Infinity":16,"s:97:16:97:Infinity":27,"f:102:25:102:26":17,"s:103:14:128:Infinity":28,"b:162:11:162:Infinity:163:12:184:Infinity":15,"f:164:25:164:26":18,"s:165:33:165:Infinity":29,"f:165:57:165:68":19,"s:165:68:165:93":30,"s:166:16:181:Infinity":31,"b:170:23:170:Infinity:171:24:171:Infinity":16,"f:176:31:176:37":20,"s:176:37:176:Infinity":32}}}
,"/Users/bblue/Dev/arkham-gamebook/src/data/abilities.json": {"path":"/Users/bblue/Dev/arkham-gamebook/src/data/abilities.json","statementMap":{},"fnMap":{},"branchMap":{},"s":{},"f":{},"b":{},"meta":{"lastBranch":0,"lastFunction":0,"lastStatement":0,"seen":{}}}
,"/Users/bblue/Dev/arkham-gamebook/src/data/characters.json": {"path":"/Users/bblue/Dev/arkham-gamebook/src/data/characters.json","statementMap":{},"fnMap":{},"branchMap":{},"s":{},"f":{},"b":{},"meta":{"lastBranch":0,"lastFunction":0,"lastStatement":0,"seen":{}}}
,"/Users/bblue/Dev/arkham-gamebook/src/data/items.json": {"path":"/Users/bblue/Dev/arkham-gamebook/src/data/items.json","statementMap":{},"fnMap":{},"branchMap":{},"s":{},"f":{},"b":{},"meta":{"lastBranch":0,"lastFunction":0,"lastStatement":0,"seen":{}}}
,"/Users/bblue/Dev/arkham-gamebook/src/data/secrets.json": {"path":"/Users/bblue/Dev/arkham-gamebook/src/data/secrets.json","statementMap":{},"fnMap":{},"branchMap":{},"s":{},"f":{},"b":{},"meta":{"lastBranch":0,"lastFunction":0,"lastStatement":0,"seen":{}}}
}
